CRITICAL - 2024-04-09 11:41:35 -->  route cannot be found while reverse-routing.
#0 C:\wamp64\www\adminpro-2\vendor\codeigniter4\framework\system\HTTP\RedirectResponse.php(56): CodeIgniter\HTTP\Exceptions\HTTPException::forInvalidRedirectRoute('')
#1 C:\wamp64\www\adminpro-2\vendor\codeigniter4\framework\system\Common.php(832): CodeIgniter\HTTP\RedirectResponse->route(false)
#2 C:\wamp64\www\adminpro-2\app\Controllers\Settings.php(73): redirect('settings/compan...')
#3 C:\wamp64\www\adminpro-2\vendor\codeigniter4\framework\system\CodeIgniter.php(832): App\Controllers\Settings->companyUpdate()
#4 C:\wamp64\www\adminpro-2\vendor\codeigniter4\framework\system\CodeIgniter.php(419): CodeIgniter\CodeIgniter->runController(Object(App\Controllers\Settings))
#5 C:\wamp64\www\adminpro-2\vendor\codeigniter4\framework\system\CodeIgniter.php(326): CodeIgniter\CodeIgniter->handleRequest(NULL, Object(Config\Cache), false)
#6 C:\wamp64\www\adminpro-2\public\index.php(37): CodeIgniter\CodeIgniter->run()
#7 C:\wamp64\www\adminpro-2\vendor\codeigniter4\framework\system\Commands\Server\rewrite.php(43): require_once('C:\\wamp64\\www\\a...')
#8 {main}
CRITICAL - 2024-04-09 13:41:55 --> Undefined array key "id"
#0 C:\wamp64\www\adminpro-2\app\Views\progress\education\add-monthly.php(74): CodeIgniter\Debug\Exceptions->errorHandler(2, 'Undefined array...', 'C:\\wamp64\\www\\a...', 74)
#1 C:\wamp64\www\adminpro-2\vendor\codeigniter4\framework\system\View\View.php(210): include('C:\\wamp64\\www\\a...')
#2 C:\wamp64\www\adminpro-2\vendor\codeigniter4\framework\system\View\View.php(213): CodeIgniter\View\View->CodeIgniter\View\{closure}()
#3 C:\wamp64\www\adminpro-2\vendor\codeigniter4\framework\system\Common.php(1089): CodeIgniter\View\View->render('progress/educat...', Array, true)
#4 C:\wamp64\www\adminpro-2\app\Controllers\Progress\EduMonthlyController.php(37): view('progress/educat...', Array)
#5 C:\wamp64\www\adminpro-2\vendor\codeigniter4\framework\system\CodeIgniter.php(832): App\Controllers\Progress\EduMonthlyController->edumonthly()
#6 C:\wamp64\www\adminpro-2\vendor\codeigniter4\framework\system\CodeIgniter.php(419): CodeIgniter\CodeIgniter->runController(Object(App\Controllers\Progress\EduMonthlyController))
#7 C:\wamp64\www\adminpro-2\vendor\codeigniter4\framework\system\CodeIgniter.php(326): CodeIgniter\CodeIgniter->handleRequest(NULL, Object(Config\Cache), false)
#8 C:\wamp64\www\adminpro-2\public\index.php(37): CodeIgniter\CodeIgniter->run()
#9 C:\wamp64\www\adminpro-2\vendor\codeigniter4\framework\system\Commands\Server\rewrite.php(43): require_once('C:\\wamp64\\www\\a...')
#10 {main}
CRITICAL - 2024-04-09 13:45:49 --> Undefined array key "id"
#0 C:\wamp64\www\adminpro-2\app\Views\progress\education\add-monthly.php(74): CodeIgniter\Debug\Exceptions->errorHandler(2, 'Undefined array...', 'C:\\wamp64\\www\\a...', 74)
#1 C:\wamp64\www\adminpro-2\vendor\codeigniter4\framework\system\View\View.php(210): include('C:\\wamp64\\www\\a...')
#2 C:\wamp64\www\adminpro-2\vendor\codeigniter4\framework\system\View\View.php(213): CodeIgniter\View\View->CodeIgniter\View\{closure}()
#3 C:\wamp64\www\adminpro-2\vendor\codeigniter4\framework\system\Common.php(1089): CodeIgniter\View\View->render('progress/educat...', Array, true)
#4 C:\wamp64\www\adminpro-2\app\Controllers\Progress\EduMonthlyController.php(37): view('progress/educat...', Array)
#5 C:\wamp64\www\adminpro-2\vendor\codeigniter4\framework\system\CodeIgniter.php(832): App\Controllers\Progress\EduMonthlyController->edumonthly()
#6 C:\wamp64\www\adminpro-2\vendor\codeigniter4\framework\system\CodeIgniter.php(419): CodeIgniter\CodeIgniter->runController(Object(App\Controllers\Progress\EduMonthlyController))
#7 C:\wamp64\www\adminpro-2\vendor\codeigniter4\framework\system\CodeIgniter.php(326): CodeIgniter\CodeIgniter->handleRequest(NULL, Object(Config\Cache), false)
#8 C:\wamp64\www\adminpro-2\public\index.php(37): CodeIgniter\CodeIgniter->run()
#9 C:\wamp64\www\adminpro-2\vendor\codeigniter4\framework\system\Commands\Server\rewrite.php(43): require_once('C:\\wamp64\\www\\a...')
#10 {main}
CRITICAL - 2024-04-09 13:59:28 --> Undefined array key "id"
#0 C:\wamp64\www\adminpro-2\app\Views\progress\education\add-monthly.php(74): CodeIgniter\Debug\Exceptions->errorHandler(2, 'Undefined array...', 'C:\\wamp64\\www\\a...', 74)
#1 C:\wamp64\www\adminpro-2\vendor\codeigniter4\framework\system\View\View.php(210): include('C:\\wamp64\\www\\a...')
#2 C:\wamp64\www\adminpro-2\vendor\codeigniter4\framework\system\View\View.php(213): CodeIgniter\View\View->CodeIgniter\View\{closure}()
#3 C:\wamp64\www\adminpro-2\vendor\codeigniter4\framework\system\Common.php(1089): CodeIgniter\View\View->render('progress/educat...', Array, true)
#4 C:\wamp64\www\adminpro-2\app\Controllers\Progress\EduMonthlyController.php(37): view('progress/educat...', Array)
#5 C:\wamp64\www\adminpro-2\vendor\codeigniter4\framework\system\CodeIgniter.php(832): App\Controllers\Progress\EduMonthlyController->index()
#6 C:\wamp64\www\adminpro-2\vendor\codeigniter4\framework\system\CodeIgniter.php(419): CodeIgniter\CodeIgniter->runController(Object(App\Controllers\Progress\EduMonthlyController))
#7 C:\wamp64\www\adminpro-2\vendor\codeigniter4\framework\system\CodeIgniter.php(326): CodeIgniter\CodeIgniter->handleRequest(NULL, Object(Config\Cache), false)
#8 C:\wamp64\www\adminpro-2\public\index.php(37): CodeIgniter\CodeIgniter->run()
#9 C:\wamp64\www\adminpro-2\vendor\codeigniter4\framework\system\Commands\Server\rewrite.php(43): require_once('C:\\wamp64\\www\\a...')
#10 {main}
CRITICAL - 2024-04-09 14:15:21 --> Undefined array key "assessment"
#0 C:\wamp64\www\adminpro-2\app\Views\progress\education\add-monthly.php(85): CodeIgniter\Debug\Exceptions->errorHandler(2, 'Undefined array...', 'C:\\wamp64\\www\\a...', 85)
#1 C:\wamp64\www\adminpro-2\vendor\codeigniter4\framework\system\View\View.php(210): include('C:\\wamp64\\www\\a...')
#2 C:\wamp64\www\adminpro-2\vendor\codeigniter4\framework\system\View\View.php(213): CodeIgniter\View\View->CodeIgniter\View\{closure}()
#3 C:\wamp64\www\adminpro-2\vendor\codeigniter4\framework\system\Common.php(1089): CodeIgniter\View\View->render('progress/educat...', Array, true)
#4 C:\wamp64\www\adminpro-2\app\Controllers\Progress\EduMonthlyController.php(36): view('progress/educat...', Array)
#5 C:\wamp64\www\adminpro-2\vendor\codeigniter4\framework\system\CodeIgniter.php(832): App\Controllers\Progress\EduMonthlyController->index()
#6 C:\wamp64\www\adminpro-2\vendor\codeigniter4\framework\system\CodeIgniter.php(419): CodeIgniter\CodeIgniter->runController(Object(App\Controllers\Progress\EduMonthlyController))
#7 C:\wamp64\www\adminpro-2\vendor\codeigniter4\framework\system\CodeIgniter.php(326): CodeIgniter\CodeIgniter->handleRequest(NULL, Object(Config\Cache), false)
#8 C:\wamp64\www\adminpro-2\public\index.php(37): CodeIgniter\CodeIgniter->run()
#9 C:\wamp64\www\adminpro-2\vendor\codeigniter4\framework\system\Commands\Server\rewrite.php(43): require_once('C:\\wamp64\\www\\a...')
#10 {main}
CRITICAL - 2024-04-09 14:16:27 --> Undefined array key "assessment"
#0 C:\wamp64\www\adminpro-2\app\Views\progress\education\add-monthly.php(85): CodeIgniter\Debug\Exceptions->errorHandler(2, 'Undefined array...', 'C:\\wamp64\\www\\a...', 85)
#1 C:\wamp64\www\adminpro-2\vendor\codeigniter4\framework\system\View\View.php(210): include('C:\\wamp64\\www\\a...')
#2 C:\wamp64\www\adminpro-2\vendor\codeigniter4\framework\system\View\View.php(213): CodeIgniter\View\View->CodeIgniter\View\{closure}()
#3 C:\wamp64\www\adminpro-2\vendor\codeigniter4\framework\system\Common.php(1089): CodeIgniter\View\View->render('progress/educat...', Array, true)
#4 C:\wamp64\www\adminpro-2\app\Controllers\Progress\EduMonthlyController.php(36): view('progress/educat...', Array)
#5 C:\wamp64\www\adminpro-2\vendor\codeigniter4\framework\system\CodeIgniter.php(832): App\Controllers\Progress\EduMonthlyController->index()
#6 C:\wamp64\www\adminpro-2\vendor\codeigniter4\framework\system\CodeIgniter.php(419): CodeIgniter\CodeIgniter->runController(Object(App\Controllers\Progress\EduMonthlyController))
#7 C:\wamp64\www\adminpro-2\vendor\codeigniter4\framework\system\CodeIgniter.php(326): CodeIgniter\CodeIgniter->handleRequest(NULL, Object(Config\Cache), false)
#8 C:\wamp64\www\adminpro-2\public\index.php(37): CodeIgniter\CodeIgniter->run()
#9 C:\wamp64\www\adminpro-2\vendor\codeigniter4\framework\system\Commands\Server\rewrite.php(43): require_once('C:\\wamp64\\www\\a...')
#10 {main}
CRITICAL - 2024-04-09 14:16:49 --> Undefined array key "assessment"
#0 C:\wamp64\www\adminpro-2\app\Views\progress\education\add-monthly.php(85): CodeIgniter\Debug\Exceptions->errorHandler(2, 'Undefined array...', 'C:\\wamp64\\www\\a...', 85)
#1 C:\wamp64\www\adminpro-2\vendor\codeigniter4\framework\system\View\View.php(210): include('C:\\wamp64\\www\\a...')
#2 C:\wamp64\www\adminpro-2\vendor\codeigniter4\framework\system\View\View.php(213): CodeIgniter\View\View->CodeIgniter\View\{closure}()
#3 C:\wamp64\www\adminpro-2\vendor\codeigniter4\framework\system\Common.php(1089): CodeIgniter\View\View->render('progress/educat...', Array, true)
#4 C:\wamp64\www\adminpro-2\app\Controllers\Progress\EduMonthlyController.php(36): view('progress/educat...', Array)
#5 C:\wamp64\www\adminpro-2\vendor\codeigniter4\framework\system\CodeIgniter.php(832): App\Controllers\Progress\EduMonthlyController->index()
#6 C:\wamp64\www\adminpro-2\vendor\codeigniter4\framework\system\CodeIgniter.php(419): CodeIgniter\CodeIgniter->runController(Object(App\Controllers\Progress\EduMonthlyController))
#7 C:\wamp64\www\adminpro-2\vendor\codeigniter4\framework\system\CodeIgniter.php(326): CodeIgniter\CodeIgniter->handleRequest(NULL, Object(Config\Cache), false)
#8 C:\wamp64\www\adminpro-2\public\index.php(37): CodeIgniter\CodeIgniter->run()
#9 C:\wamp64\www\adminpro-2\vendor\codeigniter4\framework\system\Commands\Server\rewrite.php(43): require_once('C:\\wamp64\\www\\a...')
#10 {main}
CRITICAL - 2024-04-09 15:32:19 --> Attempt to read property "assessment" on array
#0 C:\wamp64\www\adminpro-2\app\Views\progress\education\add-monthly.php(85): CodeIgniter\Debug\Exceptions->errorHandler(2, 'Attempt to read...', 'C:\\wamp64\\www\\a...', 85)
#1 C:\wamp64\www\adminpro-2\vendor\codeigniter4\framework\system\View\View.php(210): include('C:\\wamp64\\www\\a...')
#2 C:\wamp64\www\adminpro-2\vendor\codeigniter4\framework\system\View\View.php(213): CodeIgniter\View\View->CodeIgniter\View\{closure}()
#3 C:\wamp64\www\adminpro-2\vendor\codeigniter4\framework\system\Common.php(1089): CodeIgniter\View\View->render('progress/educat...', Array, true)
#4 C:\wamp64\www\adminpro-2\app\Controllers\Progress\EduMonthlyController.php(36): view('progress/educat...', Array)
#5 C:\wamp64\www\adminpro-2\vendor\codeigniter4\framework\system\CodeIgniter.php(832): App\Controllers\Progress\EduMonthlyController->index()
#6 C:\wamp64\www\adminpro-2\vendor\codeigniter4\framework\system\CodeIgniter.php(419): CodeIgniter\CodeIgniter->runController(Object(App\Controllers\Progress\EduMonthlyController))
#7 C:\wamp64\www\adminpro-2\vendor\codeigniter4\framework\system\CodeIgniter.php(326): CodeIgniter\CodeIgniter->handleRequest(NULL, Object(Config\Cache), false)
#8 C:\wamp64\www\adminpro-2\public\index.php(37): CodeIgniter\CodeIgniter->run()
#9 C:\wamp64\www\adminpro-2\vendor\codeigniter4\framework\system\Commands\Server\rewrite.php(43): require_once('C:\\wamp64\\www\\a...')
#10 {main}
CRITICAL - 2024-04-09 15:35:17 --> Attempt to read property "assessment" on array
#0 C:\wamp64\www\adminpro-2\app\Views\progress\education\add-monthly.php(85): CodeIgniter\Debug\Exceptions->errorHandler(2, 'Attempt to read...', 'C:\\wamp64\\www\\a...', 85)
#1 C:\wamp64\www\adminpro-2\vendor\codeigniter4\framework\system\View\View.php(210): include('C:\\wamp64\\www\\a...')
#2 C:\wamp64\www\adminpro-2\vendor\codeigniter4\framework\system\View\View.php(213): CodeIgniter\View\View->CodeIgniter\View\{closure}()
#3 C:\wamp64\www\adminpro-2\vendor\codeigniter4\framework\system\Common.php(1089): CodeIgniter\View\View->render('progress/educat...', Array, true)
#4 C:\wamp64\www\adminpro-2\app\Controllers\Progress\EduMonthlyController.php(36): view('progress/educat...', Array)
#5 C:\wamp64\www\adminpro-2\vendor\codeigniter4\framework\system\CodeIgniter.php(832): App\Controllers\Progress\EduMonthlyController->index()
#6 C:\wamp64\www\adminpro-2\vendor\codeigniter4\framework\system\CodeIgniter.php(419): CodeIgniter\CodeIgniter->runController(Object(App\Controllers\Progress\EduMonthlyController))
#7 C:\wamp64\www\adminpro-2\vendor\codeigniter4\framework\system\CodeIgniter.php(326): CodeIgniter\CodeIgniter->handleRequest(NULL, Object(Config\Cache), false)
#8 C:\wamp64\www\adminpro-2\public\index.php(37): CodeIgniter\CodeIgniter->run()
#9 C:\wamp64\www\adminpro-2\vendor\codeigniter4\framework\system\Commands\Server\rewrite.php(43): require_once('C:\\wamp64\\www\\a...')
#10 {main}
CRITICAL - 2024-04-09 15:47:28 --> Attempt to read property "assessment" on array
#0 C:\wamp64\www\adminpro-2\app\Views\progress\education\add-monthly.php(85): CodeIgniter\Debug\Exceptions->errorHandler(2, 'Attempt to read...', 'C:\\wamp64\\www\\a...', 85)
#1 C:\wamp64\www\adminpro-2\vendor\codeigniter4\framework\system\View\View.php(210): include('C:\\wamp64\\www\\a...')
#2 C:\wamp64\www\adminpro-2\vendor\codeigniter4\framework\system\View\View.php(213): CodeIgniter\View\View->CodeIgniter\View\{closure}()
#3 C:\wamp64\www\adminpro-2\vendor\codeigniter4\framework\system\Common.php(1089): CodeIgniter\View\View->render('progress/educat...', Array, true)
#4 C:\wamp64\www\adminpro-2\app\Controllers\Progress\EduMonthlyController.php(36): view('progress/educat...', Array)
#5 C:\wamp64\www\adminpro-2\vendor\codeigniter4\framework\system\CodeIgniter.php(832): App\Controllers\Progress\EduMonthlyController->index()
#6 C:\wamp64\www\adminpro-2\vendor\codeigniter4\framework\system\CodeIgniter.php(419): CodeIgniter\CodeIgniter->runController(Object(App\Controllers\Progress\EduMonthlyController))
#7 C:\wamp64\www\adminpro-2\vendor\codeigniter4\framework\system\CodeIgniter.php(326): CodeIgniter\CodeIgniter->handleRequest(NULL, Object(Config\Cache), false)
#8 C:\wamp64\www\adminpro-2\public\index.php(37): CodeIgniter\CodeIgniter->run()
#9 C:\wamp64\www\adminpro-2\vendor\codeigniter4\framework\system\Commands\Server\rewrite.php(43): require_once('C:\\wamp64\\www\\a...')
#10 {main}
CRITICAL - 2024-04-09 16:27:23 --> syntax error, unexpected end of file
#0 C:\wamp64\www\adminpro-2\vendor\codeigniter4\framework\system\View\View.php(213): CodeIgniter\View\View->CodeIgniter\View\{closure}()
#1 C:\wamp64\www\adminpro-2\vendor\codeigniter4\framework\system\Common.php(1089): CodeIgniter\View\View->render('progress/educat...', Array, true)
#2 C:\wamp64\www\adminpro-2\app\Controllers\Progress\EduMonthlyController.php(36): view('progress/educat...', Array)
#3 C:\wamp64\www\adminpro-2\vendor\codeigniter4\framework\system\CodeIgniter.php(832): App\Controllers\Progress\EduMonthlyController->index()
#4 C:\wamp64\www\adminpro-2\vendor\codeigniter4\framework\system\CodeIgniter.php(419): CodeIgniter\CodeIgniter->runController(Object(App\Controllers\Progress\EduMonthlyController))
#5 C:\wamp64\www\adminpro-2\vendor\codeigniter4\framework\system\CodeIgniter.php(326): CodeIgniter\CodeIgniter->handleRequest(NULL, Object(Config\Cache), false)
#6 C:\wamp64\www\adminpro-2\public\index.php(37): CodeIgniter\CodeIgniter->run()
#7 C:\wamp64\www\adminpro-2\vendor\codeigniter4\framework\system\Commands\Server\rewrite.php(43): require_once('C:\\wamp64\\www\\a...')
#8 {main}
CRITICAL - 2024-04-09 16:28:17 --> Attempt to read property "assessment" on array
#0 C:\wamp64\www\adminpro-2\app\Views\progress\education\add-monthly.php(86): CodeIgniter\Debug\Exceptions->errorHandler(2, 'Attempt to read...', 'C:\\wamp64\\www\\a...', 86)
#1 C:\wamp64\www\adminpro-2\vendor\codeigniter4\framework\system\View\View.php(210): include('C:\\wamp64\\www\\a...')
#2 C:\wamp64\www\adminpro-2\vendor\codeigniter4\framework\system\View\View.php(213): CodeIgniter\View\View->CodeIgniter\View\{closure}()
#3 C:\wamp64\www\adminpro-2\vendor\codeigniter4\framework\system\Common.php(1089): CodeIgniter\View\View->render('progress/educat...', Array, true)
#4 C:\wamp64\www\adminpro-2\app\Controllers\Progress\EduMonthlyController.php(36): view('progress/educat...', Array)
#5 C:\wamp64\www\adminpro-2\vendor\codeigniter4\framework\system\CodeIgniter.php(832): App\Controllers\Progress\EduMonthlyController->index()
#6 C:\wamp64\www\adminpro-2\vendor\codeigniter4\framework\system\CodeIgniter.php(419): CodeIgniter\CodeIgniter->runController(Object(App\Controllers\Progress\EduMonthlyController))
#7 C:\wamp64\www\adminpro-2\vendor\codeigniter4\framework\system\CodeIgniter.php(326): CodeIgniter\CodeIgniter->handleRequest(NULL, Object(Config\Cache), false)
#8 C:\wamp64\www\adminpro-2\public\index.php(37): CodeIgniter\CodeIgniter->run()
#9 C:\wamp64\www\adminpro-2\vendor\codeigniter4\framework\system\Commands\Server\rewrite.php(43): require_once('C:\\wamp64\\www\\a...')
#10 {main}
CRITICAL - 2024-04-09 16:29:53 --> Undefined array key "years"
#0 C:\wamp64\www\adminpro-2\app\Controllers\Progress\EduMonthlyController.php(52): CodeIgniter\Debug\Exceptions->errorHandler(2, 'Undefined array...', 'C:\\wamp64\\www\\a...', 52)
#1 C:\wamp64\www\adminpro-2\vendor\codeigniter4\framework\system\CodeIgniter.php(832): App\Controllers\Progress\EduMonthlyController->baishakh()
#2 C:\wamp64\www\adminpro-2\vendor\codeigniter4\framework\system\CodeIgniter.php(419): CodeIgniter\CodeIgniter->runController(Object(App\Controllers\Progress\EduMonthlyController))
#3 C:\wamp64\www\adminpro-2\vendor\codeigniter4\framework\system\CodeIgniter.php(326): CodeIgniter\CodeIgniter->handleRequest(NULL, Object(Config\Cache), false)
#4 C:\wamp64\www\adminpro-2\public\index.php(37): CodeIgniter\CodeIgniter->run()
#5 C:\wamp64\www\adminpro-2\vendor\codeigniter4\framework\system\Commands\Server\rewrite.php(43): require_once('C:\\wamp64\\www\\a...')
#6 {main}
CRITICAL - 2024-04-09 17:04:06 --> Undefined variable $edumonthly
#0 C:\wamp64\www\adminpro-2\app\Views\progress\education\add-monthly.php(75): CodeIgniter\Debug\Exceptions->errorHandler(2, 'Undefined varia...', 'C:\\wamp64\\www\\a...', 75)
#1 C:\wamp64\www\adminpro-2\vendor\codeigniter4\framework\system\View\View.php(210): include('C:\\wamp64\\www\\a...')
#2 C:\wamp64\www\adminpro-2\vendor\codeigniter4\framework\system\View\View.php(213): CodeIgniter\View\View->CodeIgniter\View\{closure}()
#3 C:\wamp64\www\adminpro-2\vendor\codeigniter4\framework\system\Common.php(1089): CodeIgniter\View\View->render('progress/educat...', Array, true)
#4 C:\wamp64\www\adminpro-2\app\Controllers\Progress\EduMonthlyController.php(36): view('progress/educat...', Array)
#5 C:\wamp64\www\adminpro-2\vendor\codeigniter4\framework\system\CodeIgniter.php(832): App\Controllers\Progress\EduMonthlyController->index()
#6 C:\wamp64\www\adminpro-2\vendor\codeigniter4\framework\system\CodeIgniter.php(419): CodeIgniter\CodeIgniter->runController(Object(App\Controllers\Progress\EduMonthlyController))
#7 C:\wamp64\www\adminpro-2\vendor\codeigniter4\framework\system\CodeIgniter.php(326): CodeIgniter\CodeIgniter->handleRequest(NULL, Object(Config\Cache), false)
#8 C:\wamp64\www\adminpro-2\public\index.php(37): CodeIgniter\CodeIgniter->run()
#9 C:\wamp64\www\adminpro-2\vendor\codeigniter4\framework\system\Commands\Server\rewrite.php(43): require_once('C:\\wamp64\\www\\a...')
#10 {main}
CRITICAL - 2024-04-09 17:10:02 --> Attempt to read property "year" on array
#0 C:\wamp64\www\adminpro-2\app\Controllers\Progress\EduMonthlyController.php(137): CodeIgniter\Debug\Exceptions->errorHandler(2, 'Attempt to read...', 'C:\\wamp64\\www\\a...', 137)
#1 C:\wamp64\www\adminpro-2\vendor\codeigniter4\framework\system\CodeIgniter.php(832): App\Controllers\Progress\EduMonthlyController->baishakh()
#2 C:\wamp64\www\adminpro-2\vendor\codeigniter4\framework\system\CodeIgniter.php(419): CodeIgniter\CodeIgniter->runController(Object(App\Controllers\Progress\EduMonthlyController))
#3 C:\wamp64\www\adminpro-2\vendor\codeigniter4\framework\system\CodeIgniter.php(326): CodeIgniter\CodeIgniter->handleRequest(NULL, Object(Config\Cache), false)
#4 C:\wamp64\www\adminpro-2\public\index.php(37): CodeIgniter\CodeIgniter->run()
#5 C:\wamp64\www\adminpro-2\vendor\codeigniter4\framework\system\Commands\Server\rewrite.php(43): require_once('C:\\wamp64\\www\\a...')
#6 {main}
CRITICAL - 2024-04-09 17:11:01 --> Attempt to read property "years" on array
#0 C:\wamp64\www\adminpro-2\app\Controllers\Progress\EduMonthlyController.php(137): CodeIgniter\Debug\Exceptions->errorHandler(2, 'Attempt to read...', 'C:\\wamp64\\www\\a...', 137)
#1 C:\wamp64\www\adminpro-2\vendor\codeigniter4\framework\system\CodeIgniter.php(832): App\Controllers\Progress\EduMonthlyController->baishakh()
#2 C:\wamp64\www\adminpro-2\vendor\codeigniter4\framework\system\CodeIgniter.php(419): CodeIgniter\CodeIgniter->runController(Object(App\Controllers\Progress\EduMonthlyController))
#3 C:\wamp64\www\adminpro-2\vendor\codeigniter4\framework\system\CodeIgniter.php(326): CodeIgniter\CodeIgniter->handleRequest(NULL, Object(Config\Cache), false)
#4 C:\wamp64\www\adminpro-2\public\index.php(37): CodeIgniter\CodeIgniter->run()
#5 C:\wamp64\www\adminpro-2\vendor\codeigniter4\framework\system\Commands\Server\rewrite.php(43): require_once('C:\\wamp64\\www\\a...')
#6 {main}
