CRITICAL - 2024-02-16 18:07:28 --> ucfirst(): Passing null to parameter #1 ($string) of type string is deprecated
#0 [internal function]: CodeIgniter\Debug\Exceptions->errorHandler(8192, 'ucfirst(): Pass...', 'C:\\wamp64\\www\\a...', 94)
#1 C:\wamp64\www\adminpro-2\app\Views\admin\users\list.php(94): ucfirst(NULL)
#2 C:\wamp64\www\adminpro-2\vendor\codeigniter4\framework\system\View\View.php(210): include('C:\\wamp64\\www\\a...')
#3 C:\wamp64\www\adminpro-2\vendor\codeigniter4\framework\system\View\View.php(213): CodeIgniter\View\View->CodeIgniter\View\{closure}()
#4 C:\wamp64\www\adminpro-2\vendor\codeigniter4\framework\system\Common.php(1089): CodeIgniter\View\View->render('admin/users/lis...', Array, true)
#5 C:\wamp64\www\adminpro-2\app\Controllers\Users.php(20): view('admin/users/lis...', Array)
#6 C:\wamp64\www\adminpro-2\vendor\codeigniter4\framework\system\CodeIgniter.php(832): App\Controllers\Users->index()
#7 C:\wamp64\www\adminpro-2\vendor\codeigniter4\framework\system\CodeIgniter.php(419): CodeIgniter\CodeIgniter->runController(Object(App\Controllers\Users))
#8 C:\wamp64\www\adminpro-2\vendor\codeigniter4\framework\system\CodeIgniter.php(326): CodeIgniter\CodeIgniter->handleRequest(NULL, Object(Config\Cache), false)
#9 C:\wamp64\www\adminpro-2\public\index.php(37): CodeIgniter\CodeIgniter->run()
#10 C:\wamp64\www\adminpro-2\vendor\codeigniter4\framework\system\Commands\Server\rewrite.php(43): require_once('C:\\wamp64\\www\\a...')
#11 {main}
CRITICAL - 2024-02-16 18:12:50 --> ucfirst(): Passing null to parameter #1 ($string) of type string is deprecated
#0 [internal function]: CodeIgniter\Debug\Exceptions->errorHandler(8192, 'ucfirst(): Pass...', 'C:\\wamp64\\www\\a...', 94)
#1 C:\wamp64\www\adminpro-2\app\Views\admin\users\list.php(94): ucfirst(NULL)
#2 C:\wamp64\www\adminpro-2\vendor\codeigniter4\framework\system\View\View.php(210): include('C:\\wamp64\\www\\a...')
#3 C:\wamp64\www\adminpro-2\vendor\codeigniter4\framework\system\View\View.php(213): CodeIgniter\View\View->CodeIgniter\View\{closure}()
#4 C:\wamp64\www\adminpro-2\vendor\codeigniter4\framework\system\Common.php(1089): CodeIgniter\View\View->render('admin/users/lis...', Array, true)
#5 C:\wamp64\www\adminpro-2\app\Controllers\Users.php(20): view('admin/users/lis...', Array)
#6 C:\wamp64\www\adminpro-2\vendor\codeigniter4\framework\system\CodeIgniter.php(832): App\Controllers\Users->index()
#7 C:\wamp64\www\adminpro-2\vendor\codeigniter4\framework\system\CodeIgniter.php(419): CodeIgniter\CodeIgniter->runController(Object(App\Controllers\Users))
#8 C:\wamp64\www\adminpro-2\vendor\codeigniter4\framework\system\CodeIgniter.php(326): CodeIgniter\CodeIgniter->handleRequest(NULL, Object(Config\Cache), false)
#9 C:\wamp64\www\adminpro-2\public\index.php(37): CodeIgniter\CodeIgniter->run()
#10 C:\wamp64\www\adminpro-2\vendor\codeigniter4\framework\system\Commands\Server\rewrite.php(43): require_once('C:\\wamp64\\www\\a...')
#11 {main}
CRITICAL - 2024-02-16 18:30:35 --> ucfirst(): Passing null to parameter #1 ($string) of type string is deprecated
#0 [internal function]: CodeIgniter\Debug\Exceptions->errorHandler(8192, 'ucfirst(): Pass...', 'C:\\wamp64\\www\\a...', 94)
#1 C:\wamp64\www\adminpro-2\app\Views\admin\users\list.php(94): ucfirst(NULL)
#2 C:\wamp64\www\adminpro-2\vendor\codeigniter4\framework\system\View\View.php(210): include('C:\\wamp64\\www\\a...')
#3 C:\wamp64\www\adminpro-2\vendor\codeigniter4\framework\system\View\View.php(213): CodeIgniter\View\View->CodeIgniter\View\{closure}()
#4 C:\wamp64\www\adminpro-2\vendor\codeigniter4\framework\system\Common.php(1089): CodeIgniter\View\View->render('admin/users/lis...', Array, true)
#5 C:\wamp64\www\adminpro-2\app\Controllers\Users.php(20): view('admin/users/lis...', Array)
#6 C:\wamp64\www\adminpro-2\vendor\codeigniter4\framework\system\CodeIgniter.php(832): App\Controllers\Users->index()
#7 C:\wamp64\www\adminpro-2\vendor\codeigniter4\framework\system\CodeIgniter.php(419): CodeIgniter\CodeIgniter->runController(Object(App\Controllers\Users))
#8 C:\wamp64\www\adminpro-2\vendor\codeigniter4\framework\system\CodeIgniter.php(326): CodeIgniter\CodeIgniter->handleRequest(NULL, Object(Config\Cache), false)
#9 C:\wamp64\www\adminpro-2\public\index.php(37): CodeIgniter\CodeIgniter->run()
#10 C:\wamp64\www\adminpro-2\vendor\codeigniter4\framework\system\Commands\Server\rewrite.php(43): require_once('C:\\wamp64\\www\\a...')
#11 {main}
CRITICAL - 2024-02-16 20:25:32 --> Undefined variable $users
#0 C:\wamp64\www\adminpro-2\app\Views\admin\users\edit.php(90): CodeIgniter\Debug\Exceptions->errorHandler(2, 'Undefined varia...', 'C:\\wamp64\\www\\a...', 90)
#1 C:\wamp64\www\adminpro-2\vendor\codeigniter4\framework\system\View\View.php(210): include('C:\\wamp64\\www\\a...')
#2 C:\wamp64\www\adminpro-2\vendor\codeigniter4\framework\system\View\View.php(213): CodeIgniter\View\View->CodeIgniter\View\{closure}()
#3 C:\wamp64\www\adminpro-2\vendor\codeigniter4\framework\system\Common.php(1089): CodeIgniter\View\View->render('admin/users/edi...', Array, true)
#4 C:\wamp64\www\adminpro-2\app\Controllers\Users.php(73): view('admin/users/edi...', Array)
#5 C:\wamp64\www\adminpro-2\vendor\codeigniter4\framework\system\CodeIgniter.php(832): App\Controllers\Users->edit('10')
#6 C:\wamp64\www\adminpro-2\vendor\codeigniter4\framework\system\CodeIgniter.php(419): CodeIgniter\CodeIgniter->runController(Object(App\Controllers\Users))
#7 C:\wamp64\www\adminpro-2\vendor\codeigniter4\framework\system\CodeIgniter.php(326): CodeIgniter\CodeIgniter->handleRequest(NULL, Object(Config\Cache), false)
#8 C:\wamp64\www\adminpro-2\public\index.php(37): CodeIgniter\CodeIgniter->run()
#9 C:\wamp64\www\adminpro-2\vendor\codeigniter4\framework\system\Commands\Server\rewrite.php(43): require_once('C:\\wamp64\\www\\a...')
#10 {main}
CRITICAL - 2024-02-16 20:38:34 --> syntax error, unexpected end of file, expecting "elseif" or "else" or "endif"
#0 C:\wamp64\www\adminpro-2\vendor\codeigniter4\framework\system\View\View.php(213): CodeIgniter\View\View->CodeIgniter\View\{closure}()
#1 C:\wamp64\www\adminpro-2\vendor\codeigniter4\framework\system\Common.php(1089): CodeIgniter\View\View->render('admin/users/edi...', Array, true)
#2 C:\wamp64\www\adminpro-2\app\Controllers\Users.php(73): view('admin/users/edi...', Array)
#3 C:\wamp64\www\adminpro-2\vendor\codeigniter4\framework\system\CodeIgniter.php(832): App\Controllers\Users->edit('10')
#4 C:\wamp64\www\adminpro-2\vendor\codeigniter4\framework\system\CodeIgniter.php(419): CodeIgniter\CodeIgniter->runController(Object(App\Controllers\Users))
#5 C:\wamp64\www\adminpro-2\vendor\codeigniter4\framework\system\CodeIgniter.php(326): CodeIgniter\CodeIgniter->handleRequest(NULL, Object(Config\Cache), false)
#6 C:\wamp64\www\adminpro-2\public\index.php(37): CodeIgniter\CodeIgniter->run()
#7 C:\wamp64\www\adminpro-2\vendor\codeigniter4\framework\system\Commands\Server\rewrite.php(43): require_once('C:\\wamp64\\www\\a...')
#8 {main}
CRITICAL - 2024-02-16 20:39:52 --> syntax error, unexpected end of file, expecting "elseif" or "else" or "endif"
#0 C:\wamp64\www\adminpro-2\vendor\codeigniter4\framework\system\View\View.php(213): CodeIgniter\View\View->CodeIgniter\View\{closure}()
#1 C:\wamp64\www\adminpro-2\vendor\codeigniter4\framework\system\Common.php(1089): CodeIgniter\View\View->render('admin/users/edi...', Array, true)
#2 C:\wamp64\www\adminpro-2\app\Controllers\Users.php(73): view('admin/users/edi...', Array)
#3 C:\wamp64\www\adminpro-2\vendor\codeigniter4\framework\system\CodeIgniter.php(832): App\Controllers\Users->edit('10')
#4 C:\wamp64\www\adminpro-2\vendor\codeigniter4\framework\system\CodeIgniter.php(419): CodeIgniter\CodeIgniter->runController(Object(App\Controllers\Users))
#5 C:\wamp64\www\adminpro-2\vendor\codeigniter4\framework\system\CodeIgniter.php(326): CodeIgniter\CodeIgniter->handleRequest(NULL, Object(Config\Cache), false)
#6 C:\wamp64\www\adminpro-2\public\index.php(37): CodeIgniter\CodeIgniter->run()
#7 C:\wamp64\www\adminpro-2\vendor\codeigniter4\framework\system\Commands\Server\rewrite.php(43): require_once('C:\\wamp64\\www\\a...')
#8 {main}
