CRITICAL - 2024-04-10 07:34:37 --> Attempt to read property "year" on array
#0 C:\wamp64\www\adminpro-2\app\Controllers\Progress\EduMonthlyController.php(137): CodeIgniter\Debug\Exceptions->errorHandler(2, 'Attempt to read...', 'C:\\wamp64\\www\\a...', 137)
#1 C:\wamp64\www\adminpro-2\vendor\codeigniter4\framework\system\CodeIgniter.php(832): App\Controllers\Progress\EduMonthlyController->baishakh()
#2 C:\wamp64\www\adminpro-2\vendor\codeigniter4\framework\system\CodeIgniter.php(419): CodeIgniter\CodeIgniter->runController(Object(App\Controllers\Progress\EduMonthlyController))
#3 C:\wamp64\www\adminpro-2\vendor\codeigniter4\framework\system\CodeIgniter.php(326): CodeIgniter\CodeIgniter->handleRequest(NULL, Object(Config\Cache), false)
#4 C:\wamp64\www\adminpro-2\public\index.php(37): CodeIgniter\CodeIgniter->run()
#5 C:\wamp64\www\adminpro-2\vendor\codeigniter4\framework\system\Commands\Server\rewrite.php(43): require_once('C:\\wamp64\\www\\a...')
#6 {main}
ERROR - 2024-04-10 07:40:05 --> Operand should contain 1 column(s)
CRITICAL - 2024-04-10 07:40:05 --> Operand should contain 1 column(s)
#0 C:\wamp64\www\adminpro-2\vendor\codeigniter4\framework\system\Database\MySQLi\Connection.php(292): mysqli->query('UPDATE `edumont...', 0)
#1 C:\wamp64\www\adminpro-2\vendor\codeigniter4\framework\system\Database\BaseConnection.php(670): CodeIgniter\Database\MySQLi\Connection->execute('UPDATE `edumont...')
#2 C:\wamp64\www\adminpro-2\vendor\codeigniter4\framework\system\Database\BaseConnection.php(598): CodeIgniter\Database\BaseConnection->simpleQuery('UPDATE `edumont...')
#3 C:\wamp64\www\adminpro-2\vendor\codeigniter4\framework\system\Database\BaseBuilder.php(1913): CodeIgniter\Database\BaseConnection->query('UPDATE `edumont...', Array, false)
#4 C:\wamp64\www\adminpro-2\vendor\codeigniter4\framework\system\Model.php(298): CodeIgniter\Database\BaseBuilder->update()
#5 C:\wamp64\www\adminpro-2\vendor\codeigniter4\framework\system\BaseModel.php(865): CodeIgniter\Model->doUpdate(NULL, Array)
#6 C:\wamp64\www\adminpro-2\vendor\codeigniter4\framework\system\Model.php(651): CodeIgniter\BaseModel->update(NULL, Array)
#7 C:\wamp64\www\adminpro-2\app\Controllers\Progress\EduMonthlyController.php(151): CodeIgniter\Model->update(NULL, Array)
#8 C:\wamp64\www\adminpro-2\vendor\codeigniter4\framework\system\CodeIgniter.php(832): App\Controllers\Progress\EduMonthlyController->baishakh()
#9 C:\wamp64\www\adminpro-2\vendor\codeigniter4\framework\system\CodeIgniter.php(419): CodeIgniter\CodeIgniter->runController(Object(App\Controllers\Progress\EduMonthlyController))
#10 C:\wamp64\www\adminpro-2\vendor\codeigniter4\framework\system\CodeIgniter.php(326): CodeIgniter\CodeIgniter->handleRequest(NULL, Object(Config\Cache), false)
#11 C:\wamp64\www\adminpro-2\public\index.php(37): CodeIgniter\CodeIgniter->run()
#12 C:\wamp64\www\adminpro-2\vendor\codeigniter4\framework\system\Commands\Server\rewrite.php(43): require_once('C:\\wamp64\\www\\a...')
#13 {main}
CRITICAL - 2024-04-10 14:18:18 --> Undefined variable $title
#0 C:\wamp64\www\adminpro-2\app\Views\progress\education\add-monthly.php(14): CodeIgniter\Debug\Exceptions->errorHandler(2, 'Undefined varia...', 'C:\\wamp64\\www\\a...', 14)
#1 C:\wamp64\www\adminpro-2\vendor\codeigniter4\framework\system\View\View.php(210): include('C:\\wamp64\\www\\a...')
#2 C:\wamp64\www\adminpro-2\vendor\codeigniter4\framework\system\View\View.php(213): CodeIgniter\View\View->CodeIgniter\View\{closure}()
#3 C:\wamp64\www\adminpro-2\vendor\codeigniter4\framework\system\Common.php(1089): CodeIgniter\View\View->render('/progress/educa...', Array, true)
#4 C:\wamp64\www\adminpro-2\app\Controllers\Progress\EduMonthlyController.php(124): view('/progress/educa...', Array)
#5 C:\wamp64\www\adminpro-2\vendor\codeigniter4\framework\system\CodeIgniter.php(832): App\Controllers\Progress\EduMonthlyController->baishakh()
#6 C:\wamp64\www\adminpro-2\vendor\codeigniter4\framework\system\CodeIgniter.php(419): CodeIgniter\CodeIgniter->runController(Object(App\Controllers\Progress\EduMonthlyController))
#7 C:\wamp64\www\adminpro-2\vendor\codeigniter4\framework\system\CodeIgniter.php(326): CodeIgniter\CodeIgniter->handleRequest(NULL, Object(Config\Cache), false)
#8 C:\wamp64\www\adminpro-2\public\index.php(37): CodeIgniter\CodeIgniter->run()
#9 C:\wamp64\www\adminpro-2\vendor\codeigniter4\framework\system\Commands\Server\rewrite.php(43): require_once('C:\\wamp64\\www\\a...')
#10 {main}
CRITICAL - 2024-04-10 15:22:23 --> Cannot access offset of type string on string
#0 C:\wamp64\www\adminpro-2\vendor\codeigniter4\framework\system\View\View.php(210): include()
#1 C:\wamp64\www\adminpro-2\vendor\codeigniter4\framework\system\View\View.php(213): CodeIgniter\View\View->CodeIgniter\View\{closure}()
#2 C:\wamp64\www\adminpro-2\vendor\codeigniter4\framework\system\Common.php(1089): CodeIgniter\View\View->render('/progress/educa...', Array, true)
#3 C:\wamp64\www\adminpro-2\app\Controllers\Progress\EduMonthlyController.php(124): view('/progress/educa...', Array)
#4 C:\wamp64\www\adminpro-2\vendor\codeigniter4\framework\system\CodeIgniter.php(832): App\Controllers\Progress\EduMonthlyController->baishakh()
#5 C:\wamp64\www\adminpro-2\vendor\codeigniter4\framework\system\CodeIgniter.php(419): CodeIgniter\CodeIgniter->runController(Object(App\Controllers\Progress\EduMonthlyController))
#6 C:\wamp64\www\adminpro-2\vendor\codeigniter4\framework\system\CodeIgniter.php(326): CodeIgniter\CodeIgniter->handleRequest(NULL, Object(Config\Cache), false)
#7 C:\wamp64\www\adminpro-2\public\index.php(37): CodeIgniter\CodeIgniter->run()
#8 C:\wamp64\www\adminpro-2\vendor\codeigniter4\framework\system\Commands\Server\rewrite.php(43): require_once('C:\\wamp64\\www\\a...')
#9 {main}
CRITICAL - 2024-04-10 15:23:35 --> Undefined variable $title
#0 C:\wamp64\www\adminpro-2\app\Views\progress\education\add-monthly.php(14): CodeIgniter\Debug\Exceptions->errorHandler(2, 'Undefined varia...', 'C:\\wamp64\\www\\a...', 14)
#1 C:\wamp64\www\adminpro-2\vendor\codeigniter4\framework\system\View\View.php(210): include('C:\\wamp64\\www\\a...')
#2 C:\wamp64\www\adminpro-2\vendor\codeigniter4\framework\system\View\View.php(213): CodeIgniter\View\View->CodeIgniter\View\{closure}()
#3 C:\wamp64\www\adminpro-2\vendor\codeigniter4\framework\system\Common.php(1089): CodeIgniter\View\View->render('/progress/educa...', Array, true)
#4 C:\wamp64\www\adminpro-2\app\Controllers\Progress\EduMonthlyController.php(124): view('/progress/educa...', Array)
#5 C:\wamp64\www\adminpro-2\vendor\codeigniter4\framework\system\CodeIgniter.php(832): App\Controllers\Progress\EduMonthlyController->baishakh()
#6 C:\wamp64\www\adminpro-2\vendor\codeigniter4\framework\system\CodeIgniter.php(419): CodeIgniter\CodeIgniter->runController(Object(App\Controllers\Progress\EduMonthlyController))
#7 C:\wamp64\www\adminpro-2\vendor\codeigniter4\framework\system\CodeIgniter.php(326): CodeIgniter\CodeIgniter->handleRequest(NULL, Object(Config\Cache), false)
#8 C:\wamp64\www\adminpro-2\public\index.php(37): CodeIgniter\CodeIgniter->run()
#9 C:\wamp64\www\adminpro-2\vendor\codeigniter4\framework\system\Commands\Server\rewrite.php(43): require_once('C:\\wamp64\\www\\a...')
#10 {main}
CRITICAL - 2024-04-10 15:24:22 --> Undefined variable $title
#0 C:\wamp64\www\adminpro-2\app\Views\progress\education\add-monthly.php(14): CodeIgniter\Debug\Exceptions->errorHandler(2, 'Undefined varia...', 'C:\\wamp64\\www\\a...', 14)
#1 C:\wamp64\www\adminpro-2\vendor\codeigniter4\framework\system\View\View.php(210): include('C:\\wamp64\\www\\a...')
#2 C:\wamp64\www\adminpro-2\vendor\codeigniter4\framework\system\View\View.php(213): CodeIgniter\View\View->CodeIgniter\View\{closure}()
#3 C:\wamp64\www\adminpro-2\vendor\codeigniter4\framework\system\Common.php(1089): CodeIgniter\View\View->render('/progress/educa...', Array, true)
#4 C:\wamp64\www\adminpro-2\app\Controllers\Progress\EduMonthlyController.php(124): view('/progress/educa...', Array)
#5 C:\wamp64\www\adminpro-2\vendor\codeigniter4\framework\system\CodeIgniter.php(832): App\Controllers\Progress\EduMonthlyController->baishakh()
#6 C:\wamp64\www\adminpro-2\vendor\codeigniter4\framework\system\CodeIgniter.php(419): CodeIgniter\CodeIgniter->runController(Object(App\Controllers\Progress\EduMonthlyController))
#7 C:\wamp64\www\adminpro-2\vendor\codeigniter4\framework\system\CodeIgniter.php(326): CodeIgniter\CodeIgniter->handleRequest(NULL, Object(Config\Cache), false)
#8 C:\wamp64\www\adminpro-2\public\index.php(37): CodeIgniter\CodeIgniter->run()
#9 C:\wamp64\www\adminpro-2\vendor\codeigniter4\framework\system\Commands\Server\rewrite.php(43): require_once('C:\\wamp64\\www\\a...')
#10 {main}
CRITICAL - 2024-04-10 15:24:29 --> Undefined variable $title
#0 C:\wamp64\www\adminpro-2\app\Views\progress\education\add-monthly.php(14): CodeIgniter\Debug\Exceptions->errorHandler(2, 'Undefined varia...', 'C:\\wamp64\\www\\a...', 14)
#1 C:\wamp64\www\adminpro-2\vendor\codeigniter4\framework\system\View\View.php(210): include('C:\\wamp64\\www\\a...')
#2 C:\wamp64\www\adminpro-2\vendor\codeigniter4\framework\system\View\View.php(213): CodeIgniter\View\View->CodeIgniter\View\{closure}()
#3 C:\wamp64\www\adminpro-2\vendor\codeigniter4\framework\system\Common.php(1089): CodeIgniter\View\View->render('/progress/educa...', Array, true)
#4 C:\wamp64\www\adminpro-2\app\Controllers\Progress\EduMonthlyController.php(124): view('/progress/educa...', Array)
#5 C:\wamp64\www\adminpro-2\vendor\codeigniter4\framework\system\CodeIgniter.php(832): App\Controllers\Progress\EduMonthlyController->baishakh()
#6 C:\wamp64\www\adminpro-2\vendor\codeigniter4\framework\system\CodeIgniter.php(419): CodeIgniter\CodeIgniter->runController(Object(App\Controllers\Progress\EduMonthlyController))
#7 C:\wamp64\www\adminpro-2\vendor\codeigniter4\framework\system\CodeIgniter.php(326): CodeIgniter\CodeIgniter->handleRequest(NULL, Object(Config\Cache), false)
#8 C:\wamp64\www\adminpro-2\public\index.php(37): CodeIgniter\CodeIgniter->run()
#9 C:\wamp64\www\adminpro-2\vendor\codeigniter4\framework\system\Commands\Server\rewrite.php(43): require_once('C:\\wamp64\\www\\a...')
#10 {main}
CRITICAL - 2024-04-10 15:24:55 --> Undefined variable $title
#0 C:\wamp64\www\adminpro-2\app\Views\progress\education\add-monthly.php(14): CodeIgniter\Debug\Exceptions->errorHandler(2, 'Undefined varia...', 'C:\\wamp64\\www\\a...', 14)
#1 C:\wamp64\www\adminpro-2\vendor\codeigniter4\framework\system\View\View.php(210): include('C:\\wamp64\\www\\a...')
#2 C:\wamp64\www\adminpro-2\vendor\codeigniter4\framework\system\View\View.php(213): CodeIgniter\View\View->CodeIgniter\View\{closure}()
#3 C:\wamp64\www\adminpro-2\vendor\codeigniter4\framework\system\Common.php(1089): CodeIgniter\View\View->render('/progress/educa...', Array, true)
#4 C:\wamp64\www\adminpro-2\app\Controllers\Progress\EduMonthlyController.php(124): view('/progress/educa...', Array)
#5 C:\wamp64\www\adminpro-2\vendor\codeigniter4\framework\system\CodeIgniter.php(832): App\Controllers\Progress\EduMonthlyController->baishakh()
#6 C:\wamp64\www\adminpro-2\vendor\codeigniter4\framework\system\CodeIgniter.php(419): CodeIgniter\CodeIgniter->runController(Object(App\Controllers\Progress\EduMonthlyController))
#7 C:\wamp64\www\adminpro-2\vendor\codeigniter4\framework\system\CodeIgniter.php(326): CodeIgniter\CodeIgniter->handleRequest(NULL, Object(Config\Cache), false)
#8 C:\wamp64\www\adminpro-2\public\index.php(37): CodeIgniter\CodeIgniter->run()
#9 C:\wamp64\www\adminpro-2\vendor\codeigniter4\framework\system\Commands\Server\rewrite.php(43): require_once('C:\\wamp64\\www\\a...')
#10 {main}
CRITICAL - 2024-04-10 15:27:02 --> Undefined variable $title
#0 C:\wamp64\www\adminpro-2\app\Views\progress\education\add-monthly.php(14): CodeIgniter\Debug\Exceptions->errorHandler(2, 'Undefined varia...', 'C:\\wamp64\\www\\a...', 14)
#1 C:\wamp64\www\adminpro-2\vendor\codeigniter4\framework\system\View\View.php(210): include('C:\\wamp64\\www\\a...')
#2 C:\wamp64\www\adminpro-2\vendor\codeigniter4\framework\system\View\View.php(213): CodeIgniter\View\View->CodeIgniter\View\{closure}()
#3 C:\wamp64\www\adminpro-2\vendor\codeigniter4\framework\system\Common.php(1089): CodeIgniter\View\View->render('/progress/educa...', Array, true)
#4 C:\wamp64\www\adminpro-2\app\Controllers\Progress\EduMonthlyController.php(124): view('/progress/educa...', Array)
#5 C:\wamp64\www\adminpro-2\vendor\codeigniter4\framework\system\CodeIgniter.php(832): App\Controllers\Progress\EduMonthlyController->baishakh()
#6 C:\wamp64\www\adminpro-2\vendor\codeigniter4\framework\system\CodeIgniter.php(419): CodeIgniter\CodeIgniter->runController(Object(App\Controllers\Progress\EduMonthlyController))
#7 C:\wamp64\www\adminpro-2\vendor\codeigniter4\framework\system\CodeIgniter.php(326): CodeIgniter\CodeIgniter->handleRequest(NULL, Object(Config\Cache), false)
#8 C:\wamp64\www\adminpro-2\public\index.php(37): CodeIgniter\CodeIgniter->run()
#9 C:\wamp64\www\adminpro-2\vendor\codeigniter4\framework\system\Commands\Server\rewrite.php(43): require_once('C:\\wamp64\\www\\a...')
#10 {main}
CRITICAL - 2024-04-10 15:28:05 --> Undefined variable $title
#0 C:\wamp64\www\adminpro-2\app\Views\progress\education\add-monthly.php(14): CodeIgniter\Debug\Exceptions->errorHandler(2, 'Undefined varia...', 'C:\\wamp64\\www\\a...', 14)
#1 C:\wamp64\www\adminpro-2\vendor\codeigniter4\framework\system\View\View.php(210): include('C:\\wamp64\\www\\a...')
#2 C:\wamp64\www\adminpro-2\vendor\codeigniter4\framework\system\View\View.php(213): CodeIgniter\View\View->CodeIgniter\View\{closure}()
#3 C:\wamp64\www\adminpro-2\vendor\codeigniter4\framework\system\Common.php(1089): CodeIgniter\View\View->render('/progress/educa...', Array, true)
#4 C:\wamp64\www\adminpro-2\app\Controllers\Progress\EduMonthlyController.php(124): view('/progress/educa...', Array)
#5 C:\wamp64\www\adminpro-2\vendor\codeigniter4\framework\system\CodeIgniter.php(832): App\Controllers\Progress\EduMonthlyController->baishakh()
#6 C:\wamp64\www\adminpro-2\vendor\codeigniter4\framework\system\CodeIgniter.php(419): CodeIgniter\CodeIgniter->runController(Object(App\Controllers\Progress\EduMonthlyController))
#7 C:\wamp64\www\adminpro-2\vendor\codeigniter4\framework\system\CodeIgniter.php(326): CodeIgniter\CodeIgniter->handleRequest(NULL, Object(Config\Cache), false)
#8 C:\wamp64\www\adminpro-2\public\index.php(37): CodeIgniter\CodeIgniter->run()
#9 C:\wamp64\www\adminpro-2\vendor\codeigniter4\framework\system\Commands\Server\rewrite.php(43): require_once('C:\\wamp64\\www\\a...')
#10 {main}
CRITICAL - 2024-04-10 15:28:45 --> Undefined variable $title
#0 C:\wamp64\www\adminpro-2\app\Views\progress\education\add-monthly.php(14): CodeIgniter\Debug\Exceptions->errorHandler(2, 'Undefined varia...', 'C:\\wamp64\\www\\a...', 14)
#1 C:\wamp64\www\adminpro-2\vendor\codeigniter4\framework\system\View\View.php(210): include('C:\\wamp64\\www\\a...')
#2 C:\wamp64\www\adminpro-2\vendor\codeigniter4\framework\system\View\View.php(213): CodeIgniter\View\View->CodeIgniter\View\{closure}()
#3 C:\wamp64\www\adminpro-2\vendor\codeigniter4\framework\system\Common.php(1089): CodeIgniter\View\View->render('/progress/educa...', Array, true)
#4 C:\wamp64\www\adminpro-2\app\Controllers\Progress\EduMonthlyController.php(124): view('/progress/educa...', Array)
#5 C:\wamp64\www\adminpro-2\vendor\codeigniter4\framework\system\CodeIgniter.php(832): App\Controllers\Progress\EduMonthlyController->baishakh()
#6 C:\wamp64\www\adminpro-2\vendor\codeigniter4\framework\system\CodeIgniter.php(419): CodeIgniter\CodeIgniter->runController(Object(App\Controllers\Progress\EduMonthlyController))
#7 C:\wamp64\www\adminpro-2\vendor\codeigniter4\framework\system\CodeIgniter.php(326): CodeIgniter\CodeIgniter->handleRequest(NULL, Object(Config\Cache), false)
#8 C:\wamp64\www\adminpro-2\public\index.php(37): CodeIgniter\CodeIgniter->run()
#9 C:\wamp64\www\adminpro-2\vendor\codeigniter4\framework\system\Commands\Server\rewrite.php(43): require_once('C:\\wamp64\\www\\a...')
#10 {main}
CRITICAL - 2024-04-10 15:29:05 --> Cannot access offset of type string on string
#0 C:\wamp64\www\adminpro-2\vendor\codeigniter4\framework\system\View\View.php(210): include()
#1 C:\wamp64\www\adminpro-2\vendor\codeigniter4\framework\system\View\View.php(213): CodeIgniter\View\View->CodeIgniter\View\{closure}()
#2 C:\wamp64\www\adminpro-2\vendor\codeigniter4\framework\system\Common.php(1089): CodeIgniter\View\View->render('/progress/educa...', Array, true)
#3 C:\wamp64\www\adminpro-2\app\Controllers\Progress\EduMonthlyController.php(124): view('/progress/educa...', Array)
#4 C:\wamp64\www\adminpro-2\vendor\codeigniter4\framework\system\CodeIgniter.php(832): App\Controllers\Progress\EduMonthlyController->baishakh()
#5 C:\wamp64\www\adminpro-2\vendor\codeigniter4\framework\system\CodeIgniter.php(419): CodeIgniter\CodeIgniter->runController(Object(App\Controllers\Progress\EduMonthlyController))
#6 C:\wamp64\www\adminpro-2\vendor\codeigniter4\framework\system\CodeIgniter.php(326): CodeIgniter\CodeIgniter->handleRequest(NULL, Object(Config\Cache), false)
#7 C:\wamp64\www\adminpro-2\public\index.php(37): CodeIgniter\CodeIgniter->run()
#8 C:\wamp64\www\adminpro-2\vendor\codeigniter4\framework\system\Commands\Server\rewrite.php(43): require_once('C:\\wamp64\\www\\a...')
#9 {main}
CRITICAL - 2024-04-10 15:29:30 --> Undefined variable $file_path
#0 C:\wamp64\www\adminpro-2\app\Views\progress\education\add-monthly.php(119): CodeIgniter\Debug\Exceptions->errorHandler(2, 'Undefined varia...', 'C:\\wamp64\\www\\a...', 119)
#1 C:\wamp64\www\adminpro-2\vendor\codeigniter4\framework\system\View\View.php(210): include('C:\\wamp64\\www\\a...')
#2 C:\wamp64\www\adminpro-2\vendor\codeigniter4\framework\system\View\View.php(213): CodeIgniter\View\View->CodeIgniter\View\{closure}()
#3 C:\wamp64\www\adminpro-2\vendor\codeigniter4\framework\system\Common.php(1089): CodeIgniter\View\View->render('progress/educat...', Array, true)
#4 C:\wamp64\www\adminpro-2\app\Controllers\Progress\EduMonthlyController.php(36): view('progress/educat...', Array)
#5 C:\wamp64\www\adminpro-2\vendor\codeigniter4\framework\system\CodeIgniter.php(832): App\Controllers\Progress\EduMonthlyController->index()
#6 C:\wamp64\www\adminpro-2\vendor\codeigniter4\framework\system\CodeIgniter.php(419): CodeIgniter\CodeIgniter->runController(Object(App\Controllers\Progress\EduMonthlyController))
#7 C:\wamp64\www\adminpro-2\vendor\codeigniter4\framework\system\CodeIgniter.php(326): CodeIgniter\CodeIgniter->handleRequest(NULL, Object(Config\Cache), false)
#8 C:\wamp64\www\adminpro-2\public\index.php(37): CodeIgniter\CodeIgniter->run()
#9 C:\wamp64\www\adminpro-2\vendor\codeigniter4\framework\system\Commands\Server\rewrite.php(43): require_once('C:\\wamp64\\www\\a...')
#10 {main}
CRITICAL - 2024-04-10 15:30:04 --> Undefined variable $file_path
#0 C:\wamp64\www\adminpro-2\app\Views\progress\education\add-monthly.php(119): CodeIgniter\Debug\Exceptions->errorHandler(2, 'Undefined varia...', 'C:\\wamp64\\www\\a...', 119)
#1 C:\wamp64\www\adminpro-2\vendor\codeigniter4\framework\system\View\View.php(210): include('C:\\wamp64\\www\\a...')
#2 C:\wamp64\www\adminpro-2\vendor\codeigniter4\framework\system\View\View.php(213): CodeIgniter\View\View->CodeIgniter\View\{closure}()
#3 C:\wamp64\www\adminpro-2\vendor\codeigniter4\framework\system\Common.php(1089): CodeIgniter\View\View->render('progress/educat...', Array, true)
#4 C:\wamp64\www\adminpro-2\app\Controllers\Progress\EduMonthlyController.php(36): view('progress/educat...', Array)
#5 C:\wamp64\www\adminpro-2\vendor\codeigniter4\framework\system\CodeIgniter.php(832): App\Controllers\Progress\EduMonthlyController->index()
#6 C:\wamp64\www\adminpro-2\vendor\codeigniter4\framework\system\CodeIgniter.php(419): CodeIgniter\CodeIgniter->runController(Object(App\Controllers\Progress\EduMonthlyController))
#7 C:\wamp64\www\adminpro-2\vendor\codeigniter4\framework\system\CodeIgniter.php(326): CodeIgniter\CodeIgniter->handleRequest(NULL, Object(Config\Cache), false)
#8 C:\wamp64\www\adminpro-2\public\index.php(37): CodeIgniter\CodeIgniter->run()
#9 C:\wamp64\www\adminpro-2\vendor\codeigniter4\framework\system\Commands\Server\rewrite.php(43): require_once('C:\\wamp64\\www\\a...')
#10 {main}
CRITICAL - 2024-04-10 15:30:10 --> Undefined variable $file_path
#0 C:\wamp64\www\adminpro-2\app\Views\progress\education\add-monthly.php(119): CodeIgniter\Debug\Exceptions->errorHandler(2, 'Undefined varia...', 'C:\\wamp64\\www\\a...', 119)
#1 C:\wamp64\www\adminpro-2\vendor\codeigniter4\framework\system\View\View.php(210): include('C:\\wamp64\\www\\a...')
#2 C:\wamp64\www\adminpro-2\vendor\codeigniter4\framework\system\View\View.php(213): CodeIgniter\View\View->CodeIgniter\View\{closure}()
#3 C:\wamp64\www\adminpro-2\vendor\codeigniter4\framework\system\Common.php(1089): CodeIgniter\View\View->render('progress/educat...', Array, true)
#4 C:\wamp64\www\adminpro-2\app\Controllers\Progress\EduMonthlyController.php(36): view('progress/educat...', Array)
#5 C:\wamp64\www\adminpro-2\vendor\codeigniter4\framework\system\CodeIgniter.php(832): App\Controllers\Progress\EduMonthlyController->index()
#6 C:\wamp64\www\adminpro-2\vendor\codeigniter4\framework\system\CodeIgniter.php(419): CodeIgniter\CodeIgniter->runController(Object(App\Controllers\Progress\EduMonthlyController))
#7 C:\wamp64\www\adminpro-2\vendor\codeigniter4\framework\system\CodeIgniter.php(326): CodeIgniter\CodeIgniter->handleRequest(NULL, Object(Config\Cache), false)
#8 C:\wamp64\www\adminpro-2\public\index.php(37): CodeIgniter\CodeIgniter->run()
#9 C:\wamp64\www\adminpro-2\vendor\codeigniter4\framework\system\Commands\Server\rewrite.php(43): require_once('C:\\wamp64\\www\\a...')
#10 {main}
CRITICAL - 2024-04-10 15:32:53 --> Undefined variable $title
#0 C:\wamp64\www\adminpro-2\app\Views\progress\education\add-monthly.php(14): CodeIgniter\Debug\Exceptions->errorHandler(2, 'Undefined varia...', 'C:\\wamp64\\www\\a...', 14)
#1 C:\wamp64\www\adminpro-2\vendor\codeigniter4\framework\system\View\View.php(210): include('C:\\wamp64\\www\\a...')
#2 C:\wamp64\www\adminpro-2\vendor\codeigniter4\framework\system\View\View.php(213): CodeIgniter\View\View->CodeIgniter\View\{closure}()
#3 C:\wamp64\www\adminpro-2\vendor\codeigniter4\framework\system\Common.php(1089): CodeIgniter\View\View->render('/progress/educa...', Array, true)
#4 C:\wamp64\www\adminpro-2\app\Controllers\Progress\EduMonthlyController.php(124): view('/progress/educa...', Array)
#5 C:\wamp64\www\adminpro-2\vendor\codeigniter4\framework\system\CodeIgniter.php(832): App\Controllers\Progress\EduMonthlyController->baishakh()
#6 C:\wamp64\www\adminpro-2\vendor\codeigniter4\framework\system\CodeIgniter.php(419): CodeIgniter\CodeIgniter->runController(Object(App\Controllers\Progress\EduMonthlyController))
#7 C:\wamp64\www\adminpro-2\vendor\codeigniter4\framework\system\CodeIgniter.php(326): CodeIgniter\CodeIgniter->handleRequest(NULL, Object(Config\Cache), false)
#8 C:\wamp64\www\adminpro-2\public\index.php(37): CodeIgniter\CodeIgniter->run()
#9 C:\wamp64\www\adminpro-2\vendor\codeigniter4\framework\system\Commands\Server\rewrite.php(43): require_once('C:\\wamp64\\www\\a...')
#10 {main}
CRITICAL - 2024-04-10 18:03:48 --> Undefined variable $title
#0 C:\wamp64\www\adminpro-2\app\Views\progress\education\add-monthly.php(14): CodeIgniter\Debug\Exceptions->errorHandler(2, 'Undefined varia...', 'C:\\wamp64\\www\\a...', 14)
#1 C:\wamp64\www\adminpro-2\vendor\codeigniter4\framework\system\View\View.php(210): include('C:\\wamp64\\www\\a...')
#2 C:\wamp64\www\adminpro-2\vendor\codeigniter4\framework\system\View\View.php(213): CodeIgniter\View\View->CodeIgniter\View\{closure}()
#3 C:\wamp64\www\adminpro-2\vendor\codeigniter4\framework\system\Common.php(1089): CodeIgniter\View\View->render('/progress/educa...', Array, true)
#4 C:\wamp64\www\adminpro-2\app\Controllers\Progress\EduMonthlyController.php(124): view('/progress/educa...', Array)
#5 C:\wamp64\www\adminpro-2\vendor\codeigniter4\framework\system\CodeIgniter.php(832): App\Controllers\Progress\EduMonthlyController->baishakh()
#6 C:\wamp64\www\adminpro-2\vendor\codeigniter4\framework\system\CodeIgniter.php(419): CodeIgniter\CodeIgniter->runController(Object(App\Controllers\Progress\EduMonthlyController))
#7 C:\wamp64\www\adminpro-2\vendor\codeigniter4\framework\system\CodeIgniter.php(326): CodeIgniter\CodeIgniter->handleRequest(NULL, Object(Config\Cache), false)
#8 C:\wamp64\www\adminpro-2\public\index.php(37): CodeIgniter\CodeIgniter->run()
#9 C:\wamp64\www\adminpro-2\vendor\codeigniter4\framework\system\Commands\Server\rewrite.php(43): require_once('C:\\wamp64\\www\\a...')
#10 {main}
CRITICAL - 2024-04-10 18:44:45 --> Call to undefined method App\Controllers\Progress\EduMonthlyController::getActiveYear()
#0 C:\wamp64\www\adminpro-2\vendor\codeigniter4\framework\system\CodeIgniter.php(832): App\Controllers\Progress\EduMonthlyController->index()
#1 C:\wamp64\www\adminpro-2\vendor\codeigniter4\framework\system\CodeIgniter.php(419): CodeIgniter\CodeIgniter->runController(Object(App\Controllers\Progress\EduMonthlyController))
#2 C:\wamp64\www\adminpro-2\vendor\codeigniter4\framework\system\CodeIgniter.php(326): CodeIgniter\CodeIgniter->handleRequest(NULL, Object(Config\Cache), false)
#3 C:\wamp64\www\adminpro-2\public\index.php(37): CodeIgniter\CodeIgniter->run()
#4 C:\wamp64\www\adminpro-2\vendor\codeigniter4\framework\system\Commands\Server\rewrite.php(43): require_once('C:\\wamp64\\www\\a...')
#5 {main}
CRITICAL - 2024-04-10 19:27:53 --> foreach() argument must be of type array|object, null given
#0 C:\wamp64\www\adminpro-2\app\Views\progress\education\add-monthly.php(75): CodeIgniter\Debug\Exceptions->errorHandler(2, 'foreach() argum...', 'C:\\wamp64\\www\\a...', 75)
#1 C:\wamp64\www\adminpro-2\vendor\codeigniter4\framework\system\View\View.php(210): include('C:\\wamp64\\www\\a...')
#2 C:\wamp64\www\adminpro-2\vendor\codeigniter4\framework\system\View\View.php(213): CodeIgniter\View\View->CodeIgniter\View\{closure}()
#3 C:\wamp64\www\adminpro-2\vendor\codeigniter4\framework\system\Common.php(1089): CodeIgniter\View\View->render('progress/educat...', Array, true)
#4 C:\wamp64\www\adminpro-2\app\Controllers\Progress\EduMonthlyController.php(40): view('progress/educat...', Array)
#5 C:\wamp64\www\adminpro-2\vendor\codeigniter4\framework\system\CodeIgniter.php(832): App\Controllers\Progress\EduMonthlyController->index()
#6 C:\wamp64\www\adminpro-2\vendor\codeigniter4\framework\system\CodeIgniter.php(419): CodeIgniter\CodeIgniter->runController(Object(App\Controllers\Progress\EduMonthlyController))
#7 C:\wamp64\www\adminpro-2\vendor\codeigniter4\framework\system\CodeIgniter.php(326): CodeIgniter\CodeIgniter->handleRequest(NULL, Object(Config\Cache), false)
#8 C:\wamp64\www\adminpro-2\public\index.php(37): CodeIgniter\CodeIgniter->run()
#9 C:\wamp64\www\adminpro-2\vendor\codeigniter4\framework\system\Commands\Server\rewrite.php(43): require_once('C:\\wamp64\\www\\a...')
#10 {main}
CRITICAL - 2024-04-10 19:31:42 --> foreach() argument must be of type array|object, null given
#0 C:\wamp64\www\adminpro-2\app\Views\progress\education\add-monthly.php(75): CodeIgniter\Debug\Exceptions->errorHandler(2, 'foreach() argum...', 'C:\\wamp64\\www\\a...', 75)
#1 C:\wamp64\www\adminpro-2\vendor\codeigniter4\framework\system\View\View.php(210): include('C:\\wamp64\\www\\a...')
#2 C:\wamp64\www\adminpro-2\vendor\codeigniter4\framework\system\View\View.php(213): CodeIgniter\View\View->CodeIgniter\View\{closure}()
#3 C:\wamp64\www\adminpro-2\vendor\codeigniter4\framework\system\Common.php(1089): CodeIgniter\View\View->render('progress/educat...', Array, true)
#4 C:\wamp64\www\adminpro-2\app\Controllers\Progress\EduMonthlyController.php(44): view('progress/educat...', Array)
#5 C:\wamp64\www\adminpro-2\vendor\codeigniter4\framework\system\CodeIgniter.php(832): App\Controllers\Progress\EduMonthlyController->index()
#6 C:\wamp64\www\adminpro-2\vendor\codeigniter4\framework\system\CodeIgniter.php(419): CodeIgniter\CodeIgniter->runController(Object(App\Controllers\Progress\EduMonthlyController))
#7 C:\wamp64\www\adminpro-2\vendor\codeigniter4\framework\system\CodeIgniter.php(326): CodeIgniter\CodeIgniter->handleRequest(NULL, Object(Config\Cache), false)
#8 C:\wamp64\www\adminpro-2\public\index.php(37): CodeIgniter\CodeIgniter->run()
#9 C:\wamp64\www\adminpro-2\vendor\codeigniter4\framework\system\Commands\Server\rewrite.php(43): require_once('C:\\wamp64\\www\\a...')
#10 {main}
CRITICAL - 2024-04-10 19:31:45 --> foreach() argument must be of type array|object, null given
#0 C:\wamp64\www\adminpro-2\app\Views\progress\education\add-monthly.php(75): CodeIgniter\Debug\Exceptions->errorHandler(2, 'foreach() argum...', 'C:\\wamp64\\www\\a...', 75)
#1 C:\wamp64\www\adminpro-2\vendor\codeigniter4\framework\system\View\View.php(210): include('C:\\wamp64\\www\\a...')
#2 C:\wamp64\www\adminpro-2\vendor\codeigniter4\framework\system\View\View.php(213): CodeIgniter\View\View->CodeIgniter\View\{closure}()
#3 C:\wamp64\www\adminpro-2\vendor\codeigniter4\framework\system\Common.php(1089): CodeIgniter\View\View->render('progress/educat...', Array, true)
#4 C:\wamp64\www\adminpro-2\app\Controllers\Progress\EduMonthlyController.php(44): view('progress/educat...', Array)
#5 C:\wamp64\www\adminpro-2\vendor\codeigniter4\framework\system\CodeIgniter.php(832): App\Controllers\Progress\EduMonthlyController->index()
#6 C:\wamp64\www\adminpro-2\vendor\codeigniter4\framework\system\CodeIgniter.php(419): CodeIgniter\CodeIgniter->runController(Object(App\Controllers\Progress\EduMonthlyController))
#7 C:\wamp64\www\adminpro-2\vendor\codeigniter4\framework\system\CodeIgniter.php(326): CodeIgniter\CodeIgniter->handleRequest(NULL, Object(Config\Cache), false)
#8 C:\wamp64\www\adminpro-2\public\index.php(37): CodeIgniter\CodeIgniter->run()
#9 C:\wamp64\www\adminpro-2\vendor\codeigniter4\framework\system\Commands\Server\rewrite.php(43): require_once('C:\\wamp64\\www\\a...')
#10 {main}
CRITICAL - 2024-04-10 19:31:58 --> foreach() argument must be of type array|object, null given
#0 C:\wamp64\www\adminpro-2\app\Views\progress\education\add-monthly.php(75): CodeIgniter\Debug\Exceptions->errorHandler(2, 'foreach() argum...', 'C:\\wamp64\\www\\a...', 75)
#1 C:\wamp64\www\adminpro-2\vendor\codeigniter4\framework\system\View\View.php(210): include('C:\\wamp64\\www\\a...')
#2 C:\wamp64\www\adminpro-2\vendor\codeigniter4\framework\system\View\View.php(213): CodeIgniter\View\View->CodeIgniter\View\{closure}()
#3 C:\wamp64\www\adminpro-2\vendor\codeigniter4\framework\system\Common.php(1089): CodeIgniter\View\View->render('progress/educat...', Array, true)
#4 C:\wamp64\www\adminpro-2\app\Controllers\Progress\EduMonthlyController.php(44): view('progress/educat...', Array)
#5 C:\wamp64\www\adminpro-2\vendor\codeigniter4\framework\system\CodeIgniter.php(832): App\Controllers\Progress\EduMonthlyController->index()
#6 C:\wamp64\www\adminpro-2\vendor\codeigniter4\framework\system\CodeIgniter.php(419): CodeIgniter\CodeIgniter->runController(Object(App\Controllers\Progress\EduMonthlyController))
#7 C:\wamp64\www\adminpro-2\vendor\codeigniter4\framework\system\CodeIgniter.php(326): CodeIgniter\CodeIgniter->handleRequest(NULL, Object(Config\Cache), false)
#8 C:\wamp64\www\adminpro-2\public\index.php(37): CodeIgniter\CodeIgniter->run()
#9 C:\wamp64\www\adminpro-2\vendor\codeigniter4\framework\system\Commands\Server\rewrite.php(43): require_once('C:\\wamp64\\www\\a...')
#10 {main}
CRITICAL - 2024-04-10 19:32:00 --> foreach() argument must be of type array|object, null given
#0 C:\wamp64\www\adminpro-2\app\Views\progress\education\add-monthly.php(75): CodeIgniter\Debug\Exceptions->errorHandler(2, 'foreach() argum...', 'C:\\wamp64\\www\\a...', 75)
#1 C:\wamp64\www\adminpro-2\vendor\codeigniter4\framework\system\View\View.php(210): include('C:\\wamp64\\www\\a...')
#2 C:\wamp64\www\adminpro-2\vendor\codeigniter4\framework\system\View\View.php(213): CodeIgniter\View\View->CodeIgniter\View\{closure}()
#3 C:\wamp64\www\adminpro-2\vendor\codeigniter4\framework\system\Common.php(1089): CodeIgniter\View\View->render('progress/educat...', Array, true)
#4 C:\wamp64\www\adminpro-2\app\Controllers\Progress\EduMonthlyController.php(44): view('progress/educat...', Array)
#5 C:\wamp64\www\adminpro-2\vendor\codeigniter4\framework\system\CodeIgniter.php(832): App\Controllers\Progress\EduMonthlyController->index()
#6 C:\wamp64\www\adminpro-2\vendor\codeigniter4\framework\system\CodeIgniter.php(419): CodeIgniter\CodeIgniter->runController(Object(App\Controllers\Progress\EduMonthlyController))
#7 C:\wamp64\www\adminpro-2\vendor\codeigniter4\framework\system\CodeIgniter.php(326): CodeIgniter\CodeIgniter->handleRequest(NULL, Object(Config\Cache), false)
#8 C:\wamp64\www\adminpro-2\public\index.php(37): CodeIgniter\CodeIgniter->run()
#9 C:\wamp64\www\adminpro-2\vendor\codeigniter4\framework\system\Commands\Server\rewrite.php(43): require_once('C:\\wamp64\\www\\a...')
#10 {main}
CRITICAL - 2024-04-10 19:32:01 --> foreach() argument must be of type array|object, null given
#0 C:\wamp64\www\adminpro-2\app\Views\progress\education\add-monthly.php(75): CodeIgniter\Debug\Exceptions->errorHandler(2, 'foreach() argum...', 'C:\\wamp64\\www\\a...', 75)
#1 C:\wamp64\www\adminpro-2\vendor\codeigniter4\framework\system\View\View.php(210): include('C:\\wamp64\\www\\a...')
#2 C:\wamp64\www\adminpro-2\vendor\codeigniter4\framework\system\View\View.php(213): CodeIgniter\View\View->CodeIgniter\View\{closure}()
#3 C:\wamp64\www\adminpro-2\vendor\codeigniter4\framework\system\Common.php(1089): CodeIgniter\View\View->render('progress/educat...', Array, true)
#4 C:\wamp64\www\adminpro-2\app\Controllers\Progress\EduMonthlyController.php(44): view('progress/educat...', Array)
#5 C:\wamp64\www\adminpro-2\vendor\codeigniter4\framework\system\CodeIgniter.php(832): App\Controllers\Progress\EduMonthlyController->index()
#6 C:\wamp64\www\adminpro-2\vendor\codeigniter4\framework\system\CodeIgniter.php(419): CodeIgniter\CodeIgniter->runController(Object(App\Controllers\Progress\EduMonthlyController))
#7 C:\wamp64\www\adminpro-2\vendor\codeigniter4\framework\system\CodeIgniter.php(326): CodeIgniter\CodeIgniter->handleRequest(NULL, Object(Config\Cache), false)
#8 C:\wamp64\www\adminpro-2\public\index.php(37): CodeIgniter\CodeIgniter->run()
#9 C:\wamp64\www\adminpro-2\vendor\codeigniter4\framework\system\Commands\Server\rewrite.php(43): require_once('C:\\wamp64\\www\\a...')
#10 {main}
CRITICAL - 2024-04-10 19:32:25 --> foreach() argument must be of type array|object, null given
#0 C:\wamp64\www\adminpro-2\app\Views\progress\education\add-monthly.php(75): CodeIgniter\Debug\Exceptions->errorHandler(2, 'foreach() argum...', 'C:\\wamp64\\www\\a...', 75)
#1 C:\wamp64\www\adminpro-2\vendor\codeigniter4\framework\system\View\View.php(210): include('C:\\wamp64\\www\\a...')
#2 C:\wamp64\www\adminpro-2\vendor\codeigniter4\framework\system\View\View.php(213): CodeIgniter\View\View->CodeIgniter\View\{closure}()
#3 C:\wamp64\www\adminpro-2\vendor\codeigniter4\framework\system\Common.php(1089): CodeIgniter\View\View->render('progress/educat...', Array, true)
#4 C:\wamp64\www\adminpro-2\app\Controllers\Progress\EduMonthlyController.php(44): view('progress/educat...', Array)
#5 C:\wamp64\www\adminpro-2\vendor\codeigniter4\framework\system\CodeIgniter.php(832): App\Controllers\Progress\EduMonthlyController->index()
#6 C:\wamp64\www\adminpro-2\vendor\codeigniter4\framework\system\CodeIgniter.php(419): CodeIgniter\CodeIgniter->runController(Object(App\Controllers\Progress\EduMonthlyController))
#7 C:\wamp64\www\adminpro-2\vendor\codeigniter4\framework\system\CodeIgniter.php(326): CodeIgniter\CodeIgniter->handleRequest(NULL, Object(Config\Cache), false)
#8 C:\wamp64\www\adminpro-2\public\index.php(37): CodeIgniter\CodeIgniter->run()
#9 C:\wamp64\www\adminpro-2\vendor\codeigniter4\framework\system\Commands\Server\rewrite.php(43): require_once('C:\\wamp64\\www\\a...')
#10 {main}
CRITICAL - 2024-04-10 19:33:39 --> foreach() argument must be of type array|object, null given
#0 C:\wamp64\www\adminpro-2\app\Views\progress\education\add-monthly.php(75): CodeIgniter\Debug\Exceptions->errorHandler(2, 'foreach() argum...', 'C:\\wamp64\\www\\a...', 75)
#1 C:\wamp64\www\adminpro-2\vendor\codeigniter4\framework\system\View\View.php(210): include('C:\\wamp64\\www\\a...')
#2 C:\wamp64\www\adminpro-2\vendor\codeigniter4\framework\system\View\View.php(213): CodeIgniter\View\View->CodeIgniter\View\{closure}()
#3 C:\wamp64\www\adminpro-2\vendor\codeigniter4\framework\system\Common.php(1089): CodeIgniter\View\View->render('progress/educat...', Array, true)
#4 C:\wamp64\www\adminpro-2\app\Controllers\Progress\EduMonthlyController.php(44): view('progress/educat...', Array)
#5 C:\wamp64\www\adminpro-2\vendor\codeigniter4\framework\system\CodeIgniter.php(832): App\Controllers\Progress\EduMonthlyController->index()
#6 C:\wamp64\www\adminpro-2\vendor\codeigniter4\framework\system\CodeIgniter.php(419): CodeIgniter\CodeIgniter->runController(Object(App\Controllers\Progress\EduMonthlyController))
#7 C:\wamp64\www\adminpro-2\vendor\codeigniter4\framework\system\CodeIgniter.php(326): CodeIgniter\CodeIgniter->handleRequest(NULL, Object(Config\Cache), false)
#8 C:\wamp64\www\adminpro-2\public\index.php(37): CodeIgniter\CodeIgniter->run()
#9 C:\wamp64\www\adminpro-2\vendor\codeigniter4\framework\system\Commands\Server\rewrite.php(43): require_once('C:\\wamp64\\www\\a...')
#10 {main}
CRITICAL - 2024-04-10 19:34:17 --> foreach() argument must be of type array|object, null given
#0 C:\wamp64\www\adminpro-2\app\Views\progress\education\add-monthly.php(75): CodeIgniter\Debug\Exceptions->errorHandler(2, 'foreach() argum...', 'C:\\wamp64\\www\\a...', 75)
#1 C:\wamp64\www\adminpro-2\vendor\codeigniter4\framework\system\View\View.php(210): include('C:\\wamp64\\www\\a...')
#2 C:\wamp64\www\adminpro-2\vendor\codeigniter4\framework\system\View\View.php(213): CodeIgniter\View\View->CodeIgniter\View\{closure}()
#3 C:\wamp64\www\adminpro-2\vendor\codeigniter4\framework\system\Common.php(1089): CodeIgniter\View\View->render('progress/educat...', Array, true)
#4 C:\wamp64\www\adminpro-2\app\Controllers\Progress\EduMonthlyController.php(44): view('progress/educat...', Array)
#5 C:\wamp64\www\adminpro-2\vendor\codeigniter4\framework\system\CodeIgniter.php(832): App\Controllers\Progress\EduMonthlyController->index()
#6 C:\wamp64\www\adminpro-2\vendor\codeigniter4\framework\system\CodeIgniter.php(419): CodeIgniter\CodeIgniter->runController(Object(App\Controllers\Progress\EduMonthlyController))
#7 C:\wamp64\www\adminpro-2\vendor\codeigniter4\framework\system\CodeIgniter.php(326): CodeIgniter\CodeIgniter->handleRequest(NULL, Object(Config\Cache), false)
#8 C:\wamp64\www\adminpro-2\public\index.php(37): CodeIgniter\CodeIgniter->run()
#9 C:\wamp64\www\adminpro-2\vendor\codeigniter4\framework\system\Commands\Server\rewrite.php(43): require_once('C:\\wamp64\\www\\a...')
#10 {main}
CRITICAL - 2024-04-10 19:36:46 --> syntax error, unexpected end of file, expecting "elseif" or "else" or "endif"
#0 C:\wamp64\www\adminpro-2\vendor\codeigniter4\framework\system\View\View.php(213): CodeIgniter\View\View->CodeIgniter\View\{closure}()
#1 C:\wamp64\www\adminpro-2\vendor\codeigniter4\framework\system\Common.php(1089): CodeIgniter\View\View->render('progress/educat...', Array, true)
#2 C:\wamp64\www\adminpro-2\app\Controllers\Progress\EduMonthlyController.php(44): view('progress/educat...', Array)
#3 C:\wamp64\www\adminpro-2\vendor\codeigniter4\framework\system\CodeIgniter.php(832): App\Controllers\Progress\EduMonthlyController->index()
#4 C:\wamp64\www\adminpro-2\vendor\codeigniter4\framework\system\CodeIgniter.php(419): CodeIgniter\CodeIgniter->runController(Object(App\Controllers\Progress\EduMonthlyController))
#5 C:\wamp64\www\adminpro-2\vendor\codeigniter4\framework\system\CodeIgniter.php(326): CodeIgniter\CodeIgniter->handleRequest(NULL, Object(Config\Cache), false)
#6 C:\wamp64\www\adminpro-2\public\index.php(37): CodeIgniter\CodeIgniter->run()
#7 C:\wamp64\www\adminpro-2\vendor\codeigniter4\framework\system\Commands\Server\rewrite.php(43): require_once('C:\\wamp64\\www\\a...')
#8 {main}
CRITICAL - 2024-04-10 19:37:22 --> syntax error, unexpected token "endforeach"
#0 C:\wamp64\www\adminpro-2\vendor\codeigniter4\framework\system\View\View.php(213): CodeIgniter\View\View->CodeIgniter\View\{closure}()
#1 C:\wamp64\www\adminpro-2\vendor\codeigniter4\framework\system\Common.php(1089): CodeIgniter\View\View->render('progress/educat...', Array, true)
#2 C:\wamp64\www\adminpro-2\app\Controllers\Progress\EduMonthlyController.php(44): view('progress/educat...', Array)
#3 C:\wamp64\www\adminpro-2\vendor\codeigniter4\framework\system\CodeIgniter.php(832): App\Controllers\Progress\EduMonthlyController->index()
#4 C:\wamp64\www\adminpro-2\vendor\codeigniter4\framework\system\CodeIgniter.php(419): CodeIgniter\CodeIgniter->runController(Object(App\Controllers\Progress\EduMonthlyController))
#5 C:\wamp64\www\adminpro-2\vendor\codeigniter4\framework\system\CodeIgniter.php(326): CodeIgniter\CodeIgniter->handleRequest(NULL, Object(Config\Cache), false)
#6 C:\wamp64\www\adminpro-2\public\index.php(37): CodeIgniter\CodeIgniter->run()
#7 C:\wamp64\www\adminpro-2\vendor\codeigniter4\framework\system\Commands\Server\rewrite.php(43): require_once('C:\\wamp64\\www\\a...')
#8 {main}
CRITICAL - 2024-04-10 19:39:24 --> syntax error, unexpected token "endforeach", expecting end of file
#0 C:\wamp64\www\adminpro-2\vendor\codeigniter4\framework\system\View\View.php(213): CodeIgniter\View\View->CodeIgniter\View\{closure}()
#1 C:\wamp64\www\adminpro-2\vendor\codeigniter4\framework\system\Common.php(1089): CodeIgniter\View\View->render('progress/educat...', Array, true)
#2 C:\wamp64\www\adminpro-2\app\Controllers\Progress\EduMonthlyController.php(44): view('progress/educat...', Array)
#3 C:\wamp64\www\adminpro-2\vendor\codeigniter4\framework\system\CodeIgniter.php(832): App\Controllers\Progress\EduMonthlyController->index()
#4 C:\wamp64\www\adminpro-2\vendor\codeigniter4\framework\system\CodeIgniter.php(419): CodeIgniter\CodeIgniter->runController(Object(App\Controllers\Progress\EduMonthlyController))
#5 C:\wamp64\www\adminpro-2\vendor\codeigniter4\framework\system\CodeIgniter.php(326): CodeIgniter\CodeIgniter->handleRequest(NULL, Object(Config\Cache), false)
#6 C:\wamp64\www\adminpro-2\public\index.php(37): CodeIgniter\CodeIgniter->run()
#7 C:\wamp64\www\adminpro-2\vendor\codeigniter4\framework\system\Commands\Server\rewrite.php(43): require_once('C:\\wamp64\\www\\a...')
#8 {main}
CRITICAL - 2024-04-10 19:39:25 --> syntax error, unexpected token "endforeach", expecting end of file
#0 C:\wamp64\www\adminpro-2\vendor\codeigniter4\framework\system\View\View.php(213): CodeIgniter\View\View->CodeIgniter\View\{closure}()
#1 C:\wamp64\www\adminpro-2\vendor\codeigniter4\framework\system\Common.php(1089): CodeIgniter\View\View->render('progress/educat...', Array, true)
#2 C:\wamp64\www\adminpro-2\app\Controllers\Progress\EduMonthlyController.php(44): view('progress/educat...', Array)
#3 C:\wamp64\www\adminpro-2\vendor\codeigniter4\framework\system\CodeIgniter.php(832): App\Controllers\Progress\EduMonthlyController->index()
#4 C:\wamp64\www\adminpro-2\vendor\codeigniter4\framework\system\CodeIgniter.php(419): CodeIgniter\CodeIgniter->runController(Object(App\Controllers\Progress\EduMonthlyController))
#5 C:\wamp64\www\adminpro-2\vendor\codeigniter4\framework\system\CodeIgniter.php(326): CodeIgniter\CodeIgniter->handleRequest(NULL, Object(Config\Cache), false)
#6 C:\wamp64\www\adminpro-2\public\index.php(37): CodeIgniter\CodeIgniter->run()
#7 C:\wamp64\www\adminpro-2\vendor\codeigniter4\framework\system\Commands\Server\rewrite.php(43): require_once('C:\\wamp64\\www\\a...')
#8 {main}
CRITICAL - 2024-04-10 19:39:26 --> syntax error, unexpected token "endforeach", expecting end of file
#0 C:\wamp64\www\adminpro-2\vendor\codeigniter4\framework\system\View\View.php(213): CodeIgniter\View\View->CodeIgniter\View\{closure}()
#1 C:\wamp64\www\adminpro-2\vendor\codeigniter4\framework\system\Common.php(1089): CodeIgniter\View\View->render('progress/educat...', Array, true)
#2 C:\wamp64\www\adminpro-2\app\Controllers\Progress\EduMonthlyController.php(44): view('progress/educat...', Array)
#3 C:\wamp64\www\adminpro-2\vendor\codeigniter4\framework\system\CodeIgniter.php(832): App\Controllers\Progress\EduMonthlyController->index()
#4 C:\wamp64\www\adminpro-2\vendor\codeigniter4\framework\system\CodeIgniter.php(419): CodeIgniter\CodeIgniter->runController(Object(App\Controllers\Progress\EduMonthlyController))
#5 C:\wamp64\www\adminpro-2\vendor\codeigniter4\framework\system\CodeIgniter.php(326): CodeIgniter\CodeIgniter->handleRequest(NULL, Object(Config\Cache), false)
#6 C:\wamp64\www\adminpro-2\public\index.php(37): CodeIgniter\CodeIgniter->run()
#7 C:\wamp64\www\adminpro-2\vendor\codeigniter4\framework\system\Commands\Server\rewrite.php(43): require_once('C:\\wamp64\\www\\a...')
#8 {main}
CRITICAL - 2024-04-10 19:42:09 --> syntax error, unexpected end of file, expecting "elseif" or "else" or "endif"
#0 C:\wamp64\www\adminpro-2\vendor\codeigniter4\framework\system\View\View.php(213): CodeIgniter\View\View->CodeIgniter\View\{closure}()
#1 C:\wamp64\www\adminpro-2\vendor\codeigniter4\framework\system\Common.php(1089): CodeIgniter\View\View->render('progress/educat...', Array, true)
#2 C:\wamp64\www\adminpro-2\app\Controllers\Progress\EduMonthlyController.php(44): view('progress/educat...', Array)
#3 C:\wamp64\www\adminpro-2\vendor\codeigniter4\framework\system\CodeIgniter.php(832): App\Controllers\Progress\EduMonthlyController->index()
#4 C:\wamp64\www\adminpro-2\vendor\codeigniter4\framework\system\CodeIgniter.php(419): CodeIgniter\CodeIgniter->runController(Object(App\Controllers\Progress\EduMonthlyController))
#5 C:\wamp64\www\adminpro-2\vendor\codeigniter4\framework\system\CodeIgniter.php(326): CodeIgniter\CodeIgniter->handleRequest(NULL, Object(Config\Cache), false)
#6 C:\wamp64\www\adminpro-2\public\index.php(37): CodeIgniter\CodeIgniter->run()
#7 C:\wamp64\www\adminpro-2\vendor\codeigniter4\framework\system\Commands\Server\rewrite.php(43): require_once('C:\\wamp64\\www\\a...')
#8 {main}
CRITICAL - 2024-04-10 19:42:23 --> foreach() argument must be of type array|object, null given
#0 C:\wamp64\www\adminpro-2\app\Views\progress\education\add-monthly.php(75): CodeIgniter\Debug\Exceptions->errorHandler(2, 'foreach() argum...', 'C:\\wamp64\\www\\a...', 75)
#1 C:\wamp64\www\adminpro-2\vendor\codeigniter4\framework\system\View\View.php(210): include('C:\\wamp64\\www\\a...')
#2 C:\wamp64\www\adminpro-2\vendor\codeigniter4\framework\system\View\View.php(213): CodeIgniter\View\View->CodeIgniter\View\{closure}()
#3 C:\wamp64\www\adminpro-2\vendor\codeigniter4\framework\system\Common.php(1089): CodeIgniter\View\View->render('progress/educat...', Array, true)
#4 C:\wamp64\www\adminpro-2\app\Controllers\Progress\EduMonthlyController.php(44): view('progress/educat...', Array)
#5 C:\wamp64\www\adminpro-2\vendor\codeigniter4\framework\system\CodeIgniter.php(832): App\Controllers\Progress\EduMonthlyController->index()
#6 C:\wamp64\www\adminpro-2\vendor\codeigniter4\framework\system\CodeIgniter.php(419): CodeIgniter\CodeIgniter->runController(Object(App\Controllers\Progress\EduMonthlyController))
#7 C:\wamp64\www\adminpro-2\vendor\codeigniter4\framework\system\CodeIgniter.php(326): CodeIgniter\CodeIgniter->handleRequest(NULL, Object(Config\Cache), false)
#8 C:\wamp64\www\adminpro-2\public\index.php(37): CodeIgniter\CodeIgniter->run()
#9 C:\wamp64\www\adminpro-2\vendor\codeigniter4\framework\system\Commands\Server\rewrite.php(43): require_once('C:\\wamp64\\www\\a...')
#10 {main}
CRITICAL - 2024-04-10 19:43:29 --> Undefined array key "assessment"
#0 C:\wamp64\www\adminpro-2\app\Views\progress\education\add-monthly.php(86): CodeIgniter\Debug\Exceptions->errorHandler(2, 'Undefined array...', 'C:\\wamp64\\www\\a...', 86)
#1 C:\wamp64\www\adminpro-2\vendor\codeigniter4\framework\system\View\View.php(210): include('C:\\wamp64\\www\\a...')
#2 C:\wamp64\www\adminpro-2\vendor\codeigniter4\framework\system\View\View.php(213): CodeIgniter\View\View->CodeIgniter\View\{closure}()
#3 C:\wamp64\www\adminpro-2\vendor\codeigniter4\framework\system\Common.php(1089): CodeIgniter\View\View->render('progress/educat...', Array, true)
#4 C:\wamp64\www\adminpro-2\app\Controllers\Progress\EduMonthlyController.php(39): view('progress/educat...', Array)
#5 C:\wamp64\www\adminpro-2\vendor\codeigniter4\framework\system\CodeIgniter.php(832): App\Controllers\Progress\EduMonthlyController->index()
#6 C:\wamp64\www\adminpro-2\vendor\codeigniter4\framework\system\CodeIgniter.php(419): CodeIgniter\CodeIgniter->runController(Object(App\Controllers\Progress\EduMonthlyController))
#7 C:\wamp64\www\adminpro-2\vendor\codeigniter4\framework\system\CodeIgniter.php(326): CodeIgniter\CodeIgniter->handleRequest(NULL, Object(Config\Cache), false)
#8 C:\wamp64\www\adminpro-2\public\index.php(37): CodeIgniter\CodeIgniter->run()
#9 C:\wamp64\www\adminpro-2\vendor\codeigniter4\framework\system\Commands\Server\rewrite.php(43): require_once('C:\\wamp64\\www\\a...')
#10 {main}
CRITICAL - 2024-04-10 21:39:25 --> syntax error, unexpected end of file
#0 C:\wamp64\www\adminpro-2\vendor\codeigniter4\framework\system\View\View.php(213): CodeIgniter\View\View->CodeIgniter\View\{closure}()
#1 C:\wamp64\www\adminpro-2\vendor\codeigniter4\framework\system\Common.php(1089): CodeIgniter\View\View->render('progress/educat...', Array, true)
#2 C:\wamp64\www\adminpro-2\app\Controllers\Progress\EduMonthlyController.php(39): view('progress/educat...', Array)
#3 C:\wamp64\www\adminpro-2\vendor\codeigniter4\framework\system\CodeIgniter.php(832): App\Controllers\Progress\EduMonthlyController->index()
#4 C:\wamp64\www\adminpro-2\vendor\codeigniter4\framework\system\CodeIgniter.php(419): CodeIgniter\CodeIgniter->runController(Object(App\Controllers\Progress\EduMonthlyController))
#5 C:\wamp64\www\adminpro-2\vendor\codeigniter4\framework\system\CodeIgniter.php(326): CodeIgniter\CodeIgniter->handleRequest(NULL, Object(Config\Cache), false)
#6 C:\wamp64\www\adminpro-2\public\index.php(37): CodeIgniter\CodeIgniter->run()
#7 C:\wamp64\www\adminpro-2\vendor\codeigniter4\framework\system\Commands\Server\rewrite.php(43): require_once('C:\\wamp64\\www\\a...')
#8 {main}
CRITICAL - 2024-04-10 21:50:37 --> syntax error, unexpected token "endforeach", expecting "elseif" or "else" or "endif"
#0 C:\wamp64\www\adminpro-2\vendor\codeigniter4\framework\system\View\View.php(213): CodeIgniter\View\View->CodeIgniter\View\{closure}()
#1 C:\wamp64\www\adminpro-2\vendor\codeigniter4\framework\system\Common.php(1089): CodeIgniter\View\View->render('progress/educat...', Array, true)
#2 C:\wamp64\www\adminpro-2\app\Controllers\Progress\EduMonthlyController.php(45): view('progress/educat...', Array)
#3 C:\wamp64\www\adminpro-2\vendor\codeigniter4\framework\system\CodeIgniter.php(832): App\Controllers\Progress\EduMonthlyController->index()
#4 C:\wamp64\www\adminpro-2\vendor\codeigniter4\framework\system\CodeIgniter.php(419): CodeIgniter\CodeIgniter->runController(Object(App\Controllers\Progress\EduMonthlyController))
#5 C:\wamp64\www\adminpro-2\vendor\codeigniter4\framework\system\CodeIgniter.php(326): CodeIgniter\CodeIgniter->handleRequest(NULL, Object(Config\Cache), false)
#6 C:\wamp64\www\adminpro-2\public\index.php(37): CodeIgniter\CodeIgniter->run()
#7 C:\wamp64\www\adminpro-2\vendor\codeigniter4\framework\system\Commands\Server\rewrite.php(43): require_once('C:\\wamp64\\www\\a...')
#8 {main}
CRITICAL - 2024-04-10 21:51:38 --> syntax error, unexpected end of file, expecting "elseif" or "else" or "endif"
#0 C:\wamp64\www\adminpro-2\vendor\codeigniter4\framework\system\View\View.php(213): CodeIgniter\View\View->CodeIgniter\View\{closure}()
#1 C:\wamp64\www\adminpro-2\vendor\codeigniter4\framework\system\Common.php(1089): CodeIgniter\View\View->render('progress/educat...', Array, true)
#2 C:\wamp64\www\adminpro-2\app\Controllers\Progress\EduMonthlyController.php(45): view('progress/educat...', Array)
#3 C:\wamp64\www\adminpro-2\vendor\codeigniter4\framework\system\CodeIgniter.php(832): App\Controllers\Progress\EduMonthlyController->index()
#4 C:\wamp64\www\adminpro-2\vendor\codeigniter4\framework\system\CodeIgniter.php(419): CodeIgniter\CodeIgniter->runController(Object(App\Controllers\Progress\EduMonthlyController))
#5 C:\wamp64\www\adminpro-2\vendor\codeigniter4\framework\system\CodeIgniter.php(326): CodeIgniter\CodeIgniter->handleRequest(NULL, Object(Config\Cache), false)
#6 C:\wamp64\www\adminpro-2\public\index.php(37): CodeIgniter\CodeIgniter->run()
#7 C:\wamp64\www\adminpro-2\vendor\codeigniter4\framework\system\Commands\Server\rewrite.php(43): require_once('C:\\wamp64\\www\\a...')
#8 {main}
CRITICAL - 2024-04-10 21:53:54 --> foreach() argument must be of type array|object, null given
#0 C:\wamp64\www\adminpro-2\app\Views\progress\education\add-monthly.php(75): CodeIgniter\Debug\Exceptions->errorHandler(2, 'foreach() argum...', 'C:\\wamp64\\www\\a...', 75)
#1 C:\wamp64\www\adminpro-2\vendor\codeigniter4\framework\system\View\View.php(210): include('C:\\wamp64\\www\\a...')
#2 C:\wamp64\www\adminpro-2\vendor\codeigniter4\framework\system\View\View.php(213): CodeIgniter\View\View->CodeIgniter\View\{closure}()
#3 C:\wamp64\www\adminpro-2\vendor\codeigniter4\framework\system\Common.php(1089): CodeIgniter\View\View->render('progress/educat...', Array, true)
#4 C:\wamp64\www\adminpro-2\app\Controllers\Progress\EduMonthlyController.php(45): view('progress/educat...', Array)
#5 C:\wamp64\www\adminpro-2\vendor\codeigniter4\framework\system\CodeIgniter.php(832): App\Controllers\Progress\EduMonthlyController->index()
#6 C:\wamp64\www\adminpro-2\vendor\codeigniter4\framework\system\CodeIgniter.php(419): CodeIgniter\CodeIgniter->runController(Object(App\Controllers\Progress\EduMonthlyController))
#7 C:\wamp64\www\adminpro-2\vendor\codeigniter4\framework\system\CodeIgniter.php(326): CodeIgniter\CodeIgniter->handleRequest(NULL, Object(Config\Cache), false)
#8 C:\wamp64\www\adminpro-2\public\index.php(37): CodeIgniter\CodeIgniter->run()
#9 C:\wamp64\www\adminpro-2\vendor\codeigniter4\framework\system\Commands\Server\rewrite.php(43): require_once('C:\\wamp64\\www\\a...')
#10 {main}
CRITICAL - 2024-04-10 22:01:30 --> foreach() argument must be of type array|object, null given
#0 C:\wamp64\www\adminpro-2\app\Views\progress\education\add-monthly.php(75): CodeIgniter\Debug\Exceptions->errorHandler(2, 'foreach() argum...', 'C:\\wamp64\\www\\a...', 75)
#1 C:\wamp64\www\adminpro-2\vendor\codeigniter4\framework\system\View\View.php(210): include('C:\\wamp64\\www\\a...')
#2 C:\wamp64\www\adminpro-2\vendor\codeigniter4\framework\system\View\View.php(213): CodeIgniter\View\View->CodeIgniter\View\{closure}()
#3 C:\wamp64\www\adminpro-2\vendor\codeigniter4\framework\system\Common.php(1089): CodeIgniter\View\View->render('progress/educat...', Array, true)
#4 C:\wamp64\www\adminpro-2\app\Controllers\Progress\EduMonthlyController.php(40): view('progress/educat...', Array)
#5 C:\wamp64\www\adminpro-2\vendor\codeigniter4\framework\system\CodeIgniter.php(832): App\Controllers\Progress\EduMonthlyController->index()
#6 C:\wamp64\www\adminpro-2\vendor\codeigniter4\framework\system\CodeIgniter.php(419): CodeIgniter\CodeIgniter->runController(Object(App\Controllers\Progress\EduMonthlyController))
#7 C:\wamp64\www\adminpro-2\vendor\codeigniter4\framework\system\CodeIgniter.php(326): CodeIgniter\CodeIgniter->handleRequest(NULL, Object(Config\Cache), false)
#8 C:\wamp64\www\adminpro-2\public\index.php(37): CodeIgniter\CodeIgniter->run()
#9 C:\wamp64\www\adminpro-2\vendor\codeigniter4\framework\system\Commands\Server\rewrite.php(43): require_once('C:\\wamp64\\www\\a...')
#10 {main}
CRITICAL - 2024-04-10 22:04:16 --> Undefined variable $row
#0 C:\wamp64\www\adminpro-2\app\Views\progress\education\add-monthly.php(105): CodeIgniter\Debug\Exceptions->errorHandler(2, 'Undefined varia...', 'C:\\wamp64\\www\\a...', 105)
#1 C:\wamp64\www\adminpro-2\vendor\codeigniter4\framework\system\View\View.php(210): include('C:\\wamp64\\www\\a...')
#2 C:\wamp64\www\adminpro-2\vendor\codeigniter4\framework\system\View\View.php(213): CodeIgniter\View\View->CodeIgniter\View\{closure}()
#3 C:\wamp64\www\adminpro-2\vendor\codeigniter4\framework\system\Common.php(1089): CodeIgniter\View\View->render('progress/educat...', Array, true)
#4 C:\wamp64\www\adminpro-2\app\Controllers\Progress\EduMonthlyController.php(40): view('progress/educat...', Array)
#5 C:\wamp64\www\adminpro-2\vendor\codeigniter4\framework\system\CodeIgniter.php(832): App\Controllers\Progress\EduMonthlyController->index()
#6 C:\wamp64\www\adminpro-2\vendor\codeigniter4\framework\system\CodeIgniter.php(419): CodeIgniter\CodeIgniter->runController(Object(App\Controllers\Progress\EduMonthlyController))
#7 C:\wamp64\www\adminpro-2\vendor\codeigniter4\framework\system\CodeIgniter.php(326): CodeIgniter\CodeIgniter->handleRequest(NULL, Object(Config\Cache), false)
#8 C:\wamp64\www\adminpro-2\public\index.php(37): CodeIgniter\CodeIgniter->run()
#9 C:\wamp64\www\adminpro-2\vendor\codeigniter4\framework\system\Commands\Server\rewrite.php(43): require_once('C:\\wamp64\\www\\a...')
#10 {main}
CRITICAL - 2024-04-10 22:05:04 --> Undefined variable $row
#0 C:\wamp64\www\adminpro-2\app\Views\progress\education\add-monthly.php(122): CodeIgniter\Debug\Exceptions->errorHandler(2, 'Undefined varia...', 'C:\\wamp64\\www\\a...', 122)
#1 C:\wamp64\www\adminpro-2\vendor\codeigniter4\framework\system\View\View.php(210): include('C:\\wamp64\\www\\a...')
#2 C:\wamp64\www\adminpro-2\vendor\codeigniter4\framework\system\View\View.php(213): CodeIgniter\View\View->CodeIgniter\View\{closure}()
#3 C:\wamp64\www\adminpro-2\vendor\codeigniter4\framework\system\Common.php(1089): CodeIgniter\View\View->render('progress/educat...', Array, true)
#4 C:\wamp64\www\adminpro-2\app\Controllers\Progress\EduMonthlyController.php(40): view('progress/educat...', Array)
#5 C:\wamp64\www\adminpro-2\vendor\codeigniter4\framework\system\CodeIgniter.php(832): App\Controllers\Progress\EduMonthlyController->index()
#6 C:\wamp64\www\adminpro-2\vendor\codeigniter4\framework\system\CodeIgniter.php(419): CodeIgniter\CodeIgniter->runController(Object(App\Controllers\Progress\EduMonthlyController))
#7 C:\wamp64\www\adminpro-2\vendor\codeigniter4\framework\system\CodeIgniter.php(326): CodeIgniter\CodeIgniter->handleRequest(NULL, Object(Config\Cache), false)
#8 C:\wamp64\www\adminpro-2\public\index.php(37): CodeIgniter\CodeIgniter->run()
#9 C:\wamp64\www\adminpro-2\vendor\codeigniter4\framework\system\Commands\Server\rewrite.php(43): require_once('C:\\wamp64\\www\\a...')
#10 {main}
CRITICAL - 2024-04-10 22:07:02 --> Undefined variable $title
#0 C:\wamp64\www\adminpro-2\app\Views\progress\education\add-monthly.php(14): CodeIgniter\Debug\Exceptions->errorHandler(2, 'Undefined varia...', 'C:\\wamp64\\www\\a...', 14)
#1 C:\wamp64\www\adminpro-2\vendor\codeigniter4\framework\system\View\View.php(210): include('C:\\wamp64\\www\\a...')
#2 C:\wamp64\www\adminpro-2\vendor\codeigniter4\framework\system\View\View.php(213): CodeIgniter\View\View->CodeIgniter\View\{closure}()
#3 C:\wamp64\www\adminpro-2\vendor\codeigniter4\framework\system\Common.php(1089): CodeIgniter\View\View->render('/progress/educa...', Array, true)
#4 C:\wamp64\www\adminpro-2\app\Controllers\Progress\EduMonthlyController.php(60): view('/progress/educa...', Array)
#5 C:\wamp64\www\adminpro-2\vendor\codeigniter4\framework\system\CodeIgniter.php(832): App\Controllers\Progress\EduMonthlyController->baishakh()
#6 C:\wamp64\www\adminpro-2\vendor\codeigniter4\framework\system\CodeIgniter.php(419): CodeIgniter\CodeIgniter->runController(Object(App\Controllers\Progress\EduMonthlyController))
#7 C:\wamp64\www\adminpro-2\vendor\codeigniter4\framework\system\CodeIgniter.php(326): CodeIgniter\CodeIgniter->handleRequest(NULL, Object(Config\Cache), false)
#8 C:\wamp64\www\adminpro-2\public\index.php(37): CodeIgniter\CodeIgniter->run()
#9 C:\wamp64\www\adminpro-2\vendor\codeigniter4\framework\system\Commands\Server\rewrite.php(43): require_once('C:\\wamp64\\www\\a...')
#10 {main}
CRITICAL - 2024-04-10 22:12:50 --> Undefined variable $title
#0 C:\wamp64\www\adminpro-2\app\Views\progress\education\add-monthly.php(14): CodeIgniter\Debug\Exceptions->errorHandler(2, 'Undefined varia...', 'C:\\wamp64\\www\\a...', 14)
#1 C:\wamp64\www\adminpro-2\vendor\codeigniter4\framework\system\View\View.php(210): include('C:\\wamp64\\www\\a...')
#2 C:\wamp64\www\adminpro-2\vendor\codeigniter4\framework\system\View\View.php(213): CodeIgniter\View\View->CodeIgniter\View\{closure}()
#3 C:\wamp64\www\adminpro-2\vendor\codeigniter4\framework\system\Common.php(1089): CodeIgniter\View\View->render('/progress/educa...', Array, true)
#4 C:\wamp64\www\adminpro-2\app\Controllers\Progress\EduMonthlyController.php(60): view('/progress/educa...', Array)
#5 C:\wamp64\www\adminpro-2\vendor\codeigniter4\framework\system\CodeIgniter.php(832): App\Controllers\Progress\EduMonthlyController->baishakh()
#6 C:\wamp64\www\adminpro-2\vendor\codeigniter4\framework\system\CodeIgniter.php(419): CodeIgniter\CodeIgniter->runController(Object(App\Controllers\Progress\EduMonthlyController))
#7 C:\wamp64\www\adminpro-2\vendor\codeigniter4\framework\system\CodeIgniter.php(326): CodeIgniter\CodeIgniter->handleRequest(NULL, Object(Config\Cache), false)
#8 C:\wamp64\www\adminpro-2\public\index.php(37): CodeIgniter\CodeIgniter->run()
#9 C:\wamp64\www\adminpro-2\vendor\codeigniter4\framework\system\Commands\Server\rewrite.php(43): require_once('C:\\wamp64\\www\\a...')
#10 {main}
CRITICAL - 2024-04-10 22:14:44 --> Undefined variable $title
#0 C:\wamp64\www\adminpro-2\app\Views\progress\education\add-monthly.php(14): CodeIgniter\Debug\Exceptions->errorHandler(2, 'Undefined varia...', 'C:\\wamp64\\www\\a...', 14)
#1 C:\wamp64\www\adminpro-2\vendor\codeigniter4\framework\system\View\View.php(210): include('C:\\wamp64\\www\\a...')
#2 C:\wamp64\www\adminpro-2\vendor\codeigniter4\framework\system\View\View.php(213): CodeIgniter\View\View->CodeIgniter\View\{closure}()
#3 C:\wamp64\www\adminpro-2\vendor\codeigniter4\framework\system\Common.php(1089): CodeIgniter\View\View->render('/progress/educa...', Array, true)
#4 C:\wamp64\www\adminpro-2\app\Controllers\Progress\EduMonthlyController.php(60): view('/progress/educa...', Array)
#5 C:\wamp64\www\adminpro-2\vendor\codeigniter4\framework\system\CodeIgniter.php(832): App\Controllers\Progress\EduMonthlyController->baishakh()
#6 C:\wamp64\www\adminpro-2\vendor\codeigniter4\framework\system\CodeIgniter.php(419): CodeIgniter\CodeIgniter->runController(Object(App\Controllers\Progress\EduMonthlyController))
#7 C:\wamp64\www\adminpro-2\vendor\codeigniter4\framework\system\CodeIgniter.php(326): CodeIgniter\CodeIgniter->handleRequest(NULL, Object(Config\Cache), false)
#8 C:\wamp64\www\adminpro-2\public\index.php(37): CodeIgniter\CodeIgniter->run()
#9 C:\wamp64\www\adminpro-2\vendor\codeigniter4\framework\system\Commands\Server\rewrite.php(43): require_once('C:\\wamp64\\www\\a...')
#10 {main}
CRITICAL - 2024-04-10 22:14:58 --> Undefined variable $title
#0 C:\wamp64\www\adminpro-2\app\Views\progress\education\add-monthly.php(14): CodeIgniter\Debug\Exceptions->errorHandler(2, 'Undefined varia...', 'C:\\wamp64\\www\\a...', 14)
#1 C:\wamp64\www\adminpro-2\vendor\codeigniter4\framework\system\View\View.php(210): include('C:\\wamp64\\www\\a...')
#2 C:\wamp64\www\adminpro-2\vendor\codeigniter4\framework\system\View\View.php(213): CodeIgniter\View\View->CodeIgniter\View\{closure}()
#3 C:\wamp64\www\adminpro-2\vendor\codeigniter4\framework\system\Common.php(1089): CodeIgniter\View\View->render('/progress/educa...', Array, true)
#4 C:\wamp64\www\adminpro-2\app\Controllers\Progress\EduMonthlyController.php(60): view('/progress/educa...', Array)
#5 C:\wamp64\www\adminpro-2\vendor\codeigniter4\framework\system\CodeIgniter.php(832): App\Controllers\Progress\EduMonthlyController->baishakh()
#6 C:\wamp64\www\adminpro-2\vendor\codeigniter4\framework\system\CodeIgniter.php(419): CodeIgniter\CodeIgniter->runController(Object(App\Controllers\Progress\EduMonthlyController))
#7 C:\wamp64\www\adminpro-2\vendor\codeigniter4\framework\system\CodeIgniter.php(326): CodeIgniter\CodeIgniter->handleRequest(NULL, Object(Config\Cache), false)
#8 C:\wamp64\www\adminpro-2\public\index.php(37): CodeIgniter\CodeIgniter->run()
#9 C:\wamp64\www\adminpro-2\vendor\codeigniter4\framework\system\Commands\Server\rewrite.php(43): require_once('C:\\wamp64\\www\\a...')
#10 {main}
CRITICAL - 2024-04-10 22:15:21 --> Undefined array key "file_path"
#0 C:\wamp64\www\adminpro-2\app\Views\progress\education\add-monthly.php(122): CodeIgniter\Debug\Exceptions->errorHandler(2, 'Undefined array...', 'C:\\wamp64\\www\\a...', 122)
#1 C:\wamp64\www\adminpro-2\vendor\codeigniter4\framework\system\View\View.php(210): include('C:\\wamp64\\www\\a...')
#2 C:\wamp64\www\adminpro-2\vendor\codeigniter4\framework\system\View\View.php(213): CodeIgniter\View\View->CodeIgniter\View\{closure}()
#3 C:\wamp64\www\adminpro-2\vendor\codeigniter4\framework\system\Common.php(1089): CodeIgniter\View\View->render('/progress/educa...', Array, true)
#4 C:\wamp64\www\adminpro-2\app\Controllers\Progress\EduMonthlyController.php(60): view('/progress/educa...', Array)
#5 C:\wamp64\www\adminpro-2\vendor\codeigniter4\framework\system\CodeIgniter.php(832): App\Controllers\Progress\EduMonthlyController->baishakh()
#6 C:\wamp64\www\adminpro-2\vendor\codeigniter4\framework\system\CodeIgniter.php(419): CodeIgniter\CodeIgniter->runController(Object(App\Controllers\Progress\EduMonthlyController))
#7 C:\wamp64\www\adminpro-2\vendor\codeigniter4\framework\system\CodeIgniter.php(326): CodeIgniter\CodeIgniter->handleRequest(NULL, Object(Config\Cache), false)
#8 C:\wamp64\www\adminpro-2\public\index.php(37): CodeIgniter\CodeIgniter->run()
#9 C:\wamp64\www\adminpro-2\vendor\codeigniter4\framework\system\Commands\Server\rewrite.php(43): require_once('C:\\wamp64\\www\\a...')
#10 {main}
CRITICAL - 2024-04-10 22:16:02 --> Undefined array key "image"
#0 C:\wamp64\www\adminpro-2\app\Views\progress\education\add-monthly.php(122): CodeIgniter\Debug\Exceptions->errorHandler(2, 'Undefined array...', 'C:\\wamp64\\www\\a...', 122)
#1 C:\wamp64\www\adminpro-2\vendor\codeigniter4\framework\system\View\View.php(210): include('C:\\wamp64\\www\\a...')
#2 C:\wamp64\www\adminpro-2\vendor\codeigniter4\framework\system\View\View.php(213): CodeIgniter\View\View->CodeIgniter\View\{closure}()
#3 C:\wamp64\www\adminpro-2\vendor\codeigniter4\framework\system\Common.php(1089): CodeIgniter\View\View->render('/progress/educa...', Array, true)
#4 C:\wamp64\www\adminpro-2\app\Controllers\Progress\EduMonthlyController.php(60): view('/progress/educa...', Array)
#5 C:\wamp64\www\adminpro-2\vendor\codeigniter4\framework\system\CodeIgniter.php(832): App\Controllers\Progress\EduMonthlyController->baishakh()
#6 C:\wamp64\www\adminpro-2\vendor\codeigniter4\framework\system\CodeIgniter.php(419): CodeIgniter\CodeIgniter->runController(Object(App\Controllers\Progress\EduMonthlyController))
#7 C:\wamp64\www\adminpro-2\vendor\codeigniter4\framework\system\CodeIgniter.php(326): CodeIgniter\CodeIgniter->handleRequest(NULL, Object(Config\Cache), false)
#8 C:\wamp64\www\adminpro-2\public\index.php(37): CodeIgniter\CodeIgniter->run()
#9 C:\wamp64\www\adminpro-2\vendor\codeigniter4\framework\system\Commands\Server\rewrite.php(43): require_once('C:\\wamp64\\www\\a...')
#10 {main}
CRITICAL - 2024-04-10 22:36:06 --> Undefined variable $title
#0 C:\wamp64\www\adminpro-2\app\Views\progress\education\add-monthly.php(14): CodeIgniter\Debug\Exceptions->errorHandler(2, 'Undefined varia...', 'C:\\wamp64\\www\\a...', 14)
#1 C:\wamp64\www\adminpro-2\vendor\codeigniter4\framework\system\View\View.php(210): include('C:\\wamp64\\www\\a...')
#2 C:\wamp64\www\adminpro-2\vendor\codeigniter4\framework\system\View\View.php(213): CodeIgniter\View\View->CodeIgniter\View\{closure}()
#3 C:\wamp64\www\adminpro-2\vendor\codeigniter4\framework\system\Common.php(1089): CodeIgniter\View\View->render('/progress/educa...', Array, true)
#4 C:\wamp64\www\adminpro-2\app\Controllers\Progress\EduMonthlyController.php(58): view('/progress/educa...', Array)
#5 C:\wamp64\www\adminpro-2\vendor\codeigniter4\framework\system\CodeIgniter.php(832): App\Controllers\Progress\EduMonthlyController->baishakh()
#6 C:\wamp64\www\adminpro-2\vendor\codeigniter4\framework\system\CodeIgniter.php(419): CodeIgniter\CodeIgniter->runController(Object(App\Controllers\Progress\EduMonthlyController))
#7 C:\wamp64\www\adminpro-2\vendor\codeigniter4\framework\system\CodeIgniter.php(326): CodeIgniter\CodeIgniter->handleRequest(NULL, Object(Config\Cache), false)
#8 C:\wamp64\www\adminpro-2\public\index.php(37): CodeIgniter\CodeIgniter->run()
#9 C:\wamp64\www\adminpro-2\vendor\codeigniter4\framework\system\Commands\Server\rewrite.php(43): require_once('C:\\wamp64\\www\\a...')
#10 {main}
CRITICAL - 2024-04-10 22:37:14 --> Cannot access offset of type string on string
#0 C:\wamp64\www\adminpro-2\vendor\codeigniter4\framework\system\View\View.php(210): include()
#1 C:\wamp64\www\adminpro-2\vendor\codeigniter4\framework\system\View\View.php(213): CodeIgniter\View\View->CodeIgniter\View\{closure}()
#2 C:\wamp64\www\adminpro-2\vendor\codeigniter4\framework\system\Common.php(1089): CodeIgniter\View\View->render('/progress/educa...', Array, true)
#3 C:\wamp64\www\adminpro-2\app\Controllers\Progress\EduMonthlyController.php(58): view('/progress/educa...', Array)
#4 C:\wamp64\www\adminpro-2\vendor\codeigniter4\framework\system\CodeIgniter.php(832): App\Controllers\Progress\EduMonthlyController->baishakh()
#5 C:\wamp64\www\adminpro-2\vendor\codeigniter4\framework\system\CodeIgniter.php(419): CodeIgniter\CodeIgniter->runController(Object(App\Controllers\Progress\EduMonthlyController))
#6 C:\wamp64\www\adminpro-2\vendor\codeigniter4\framework\system\CodeIgniter.php(326): CodeIgniter\CodeIgniter->handleRequest(NULL, Object(Config\Cache), false)
#7 C:\wamp64\www\adminpro-2\public\index.php(37): CodeIgniter\CodeIgniter->run()
#8 C:\wamp64\www\adminpro-2\vendor\codeigniter4\framework\system\Commands\Server\rewrite.php(43): require_once('C:\\wamp64\\www\\a...')
#9 {main}
CRITICAL - 2024-04-10 22:38:15 --> Cannot access offset of type string on string
#0 C:\wamp64\www\adminpro-2\vendor\codeigniter4\framework\system\View\View.php(210): include()
#1 C:\wamp64\www\adminpro-2\vendor\codeigniter4\framework\system\View\View.php(213): CodeIgniter\View\View->CodeIgniter\View\{closure}()
#2 C:\wamp64\www\adminpro-2\vendor\codeigniter4\framework\system\Common.php(1089): CodeIgniter\View\View->render('/progress/educa...', Array, true)
#3 C:\wamp64\www\adminpro-2\app\Controllers\Progress\EduMonthlyController.php(127): view('/progress/educa...', Array)
#4 C:\wamp64\www\adminpro-2\vendor\codeigniter4\framework\system\CodeIgniter.php(832): App\Controllers\Progress\EduMonthlyController->baishakh()
#5 C:\wamp64\www\adminpro-2\vendor\codeigniter4\framework\system\CodeIgniter.php(419): CodeIgniter\CodeIgniter->runController(Object(App\Controllers\Progress\EduMonthlyController))
#6 C:\wamp64\www\adminpro-2\vendor\codeigniter4\framework\system\CodeIgniter.php(326): CodeIgniter\CodeIgniter->handleRequest(NULL, Object(Config\Cache), false)
#7 C:\wamp64\www\adminpro-2\public\index.php(37): CodeIgniter\CodeIgniter->run()
#8 C:\wamp64\www\adminpro-2\vendor\codeigniter4\framework\system\Commands\Server\rewrite.php(43): require_once('C:\\wamp64\\www\\a...')
#9 {main}
CRITICAL - 2024-04-10 22:39:42 --> Undefined variable $title
#0 C:\wamp64\www\adminpro-2\app\Views\progress\education\add-monthly.php(14): CodeIgniter\Debug\Exceptions->errorHandler(2, 'Undefined varia...', 'C:\\wamp64\\www\\a...', 14)
#1 C:\wamp64\www\adminpro-2\vendor\codeigniter4\framework\system\View\View.php(210): include('C:\\wamp64\\www\\a...')
#2 C:\wamp64\www\adminpro-2\vendor\codeigniter4\framework\system\View\View.php(213): CodeIgniter\View\View->CodeIgniter\View\{closure}()
#3 C:\wamp64\www\adminpro-2\vendor\codeigniter4\framework\system\Common.php(1089): CodeIgniter\View\View->render('/progress/educa...', Array, true)
#4 C:\wamp64\www\adminpro-2\app\Controllers\Progress\EduMonthlyController.php(127): view('/progress/educa...', Array)
#5 C:\wamp64\www\adminpro-2\vendor\codeigniter4\framework\system\CodeIgniter.php(832): App\Controllers\Progress\EduMonthlyController->baishakh()
#6 C:\wamp64\www\adminpro-2\vendor\codeigniter4\framework\system\CodeIgniter.php(419): CodeIgniter\CodeIgniter->runController(Object(App\Controllers\Progress\EduMonthlyController))
#7 C:\wamp64\www\adminpro-2\vendor\codeigniter4\framework\system\CodeIgniter.php(326): CodeIgniter\CodeIgniter->handleRequest(NULL, Object(Config\Cache), false)
#8 C:\wamp64\www\adminpro-2\public\index.php(37): CodeIgniter\CodeIgniter->run()
#9 C:\wamp64\www\adminpro-2\vendor\codeigniter4\framework\system\Commands\Server\rewrite.php(43): require_once('C:\\wamp64\\www\\a...')
#10 {main}
CRITICAL - 2024-04-10 22:40:52 --> Undefined variable $title
#0 C:\wamp64\www\adminpro-2\app\Views\progress\education\add-monthly.php(14): CodeIgniter\Debug\Exceptions->errorHandler(2, 'Undefined varia...', 'C:\\wamp64\\www\\a...', 14)
#1 C:\wamp64\www\adminpro-2\vendor\codeigniter4\framework\system\View\View.php(210): include('C:\\wamp64\\www\\a...')
#2 C:\wamp64\www\adminpro-2\vendor\codeigniter4\framework\system\View\View.php(213): CodeIgniter\View\View->CodeIgniter\View\{closure}()
#3 C:\wamp64\www\adminpro-2\vendor\codeigniter4\framework\system\Common.php(1089): CodeIgniter\View\View->render('/progress/educa...', Array, true)
#4 C:\wamp64\www\adminpro-2\app\Controllers\Progress\EduMonthlyController.php(127): view('/progress/educa...', Array)
#5 C:\wamp64\www\adminpro-2\vendor\codeigniter4\framework\system\CodeIgniter.php(832): App\Controllers\Progress\EduMonthlyController->baishakh()
#6 C:\wamp64\www\adminpro-2\vendor\codeigniter4\framework\system\CodeIgniter.php(419): CodeIgniter\CodeIgniter->runController(Object(App\Controllers\Progress\EduMonthlyController))
#7 C:\wamp64\www\adminpro-2\vendor\codeigniter4\framework\system\CodeIgniter.php(326): CodeIgniter\CodeIgniter->handleRequest(NULL, Object(Config\Cache), false)
#8 C:\wamp64\www\adminpro-2\public\index.php(37): CodeIgniter\CodeIgniter->run()
#9 C:\wamp64\www\adminpro-2\vendor\codeigniter4\framework\system\Commands\Server\rewrite.php(43): require_once('C:\\wamp64\\www\\a...')
#10 {main}
CRITICAL - 2024-04-10 22:41:42 --> Undefined variable $title
#0 C:\wamp64\www\adminpro-2\app\Views\progress\education\add-monthly.php(14): CodeIgniter\Debug\Exceptions->errorHandler(2, 'Undefined varia...', 'C:\\wamp64\\www\\a...', 14)
#1 C:\wamp64\www\adminpro-2\vendor\codeigniter4\framework\system\View\View.php(210): include('C:\\wamp64\\www\\a...')
#2 C:\wamp64\www\adminpro-2\vendor\codeigniter4\framework\system\View\View.php(213): CodeIgniter\View\View->CodeIgniter\View\{closure}()
#3 C:\wamp64\www\adminpro-2\vendor\codeigniter4\framework\system\Common.php(1089): CodeIgniter\View\View->render('/progress/educa...', Array, true)
#4 C:\wamp64\www\adminpro-2\app\Controllers\Progress\EduMonthlyController.php(132): view('/progress/educa...', Array)
#5 C:\wamp64\www\adminpro-2\vendor\codeigniter4\framework\system\CodeIgniter.php(832): App\Controllers\Progress\EduMonthlyController->baishakh()
#6 C:\wamp64\www\adminpro-2\vendor\codeigniter4\framework\system\CodeIgniter.php(419): CodeIgniter\CodeIgniter->runController(Object(App\Controllers\Progress\EduMonthlyController))
#7 C:\wamp64\www\adminpro-2\vendor\codeigniter4\framework\system\CodeIgniter.php(326): CodeIgniter\CodeIgniter->handleRequest(NULL, Object(Config\Cache), false)
#8 C:\wamp64\www\adminpro-2\public\index.php(37): CodeIgniter\CodeIgniter->run()
#9 C:\wamp64\www\adminpro-2\vendor\codeigniter4\framework\system\Commands\Server\rewrite.php(43): require_once('C:\\wamp64\\www\\a...')
#10 {main}
CRITICAL - 2024-04-10 22:42:01 --> Cannot access offset of type string on string
#0 C:\wamp64\www\adminpro-2\vendor\codeigniter4\framework\system\View\View.php(210): include()
#1 C:\wamp64\www\adminpro-2\vendor\codeigniter4\framework\system\View\View.php(213): CodeIgniter\View\View->CodeIgniter\View\{closure}()
#2 C:\wamp64\www\adminpro-2\vendor\codeigniter4\framework\system\Common.php(1089): CodeIgniter\View\View->render('/progress/educa...', Array, true)
#3 C:\wamp64\www\adminpro-2\app\Controllers\Progress\EduMonthlyController.php(132): view('/progress/educa...', Array)
#4 C:\wamp64\www\adminpro-2\vendor\codeigniter4\framework\system\CodeIgniter.php(832): App\Controllers\Progress\EduMonthlyController->baishakh()
#5 C:\wamp64\www\adminpro-2\vendor\codeigniter4\framework\system\CodeIgniter.php(419): CodeIgniter\CodeIgniter->runController(Object(App\Controllers\Progress\EduMonthlyController))
#6 C:\wamp64\www\adminpro-2\vendor\codeigniter4\framework\system\CodeIgniter.php(326): CodeIgniter\CodeIgniter->handleRequest(NULL, Object(Config\Cache), false)
#7 C:\wamp64\www\adminpro-2\public\index.php(37): CodeIgniter\CodeIgniter->run()
#8 C:\wamp64\www\adminpro-2\vendor\codeigniter4\framework\system\Commands\Server\rewrite.php(43): require_once('C:\\wamp64\\www\\a...')
#9 {main}
CRITICAL - 2024-04-10 22:44:20 --> Cannot access offset of type string on string
#0 C:\wamp64\www\adminpro-2\vendor\codeigniter4\framework\system\View\View.php(210): include()
#1 C:\wamp64\www\adminpro-2\vendor\codeigniter4\framework\system\View\View.php(213): CodeIgniter\View\View->CodeIgniter\View\{closure}()
#2 C:\wamp64\www\adminpro-2\vendor\codeigniter4\framework\system\Common.php(1089): CodeIgniter\View\View->render('/progress/educa...', Array, true)
#3 C:\wamp64\www\adminpro-2\app\Controllers\Progress\EduMonthlyController.php(130): view('/progress/educa...', Array)
#4 C:\wamp64\www\adminpro-2\vendor\codeigniter4\framework\system\CodeIgniter.php(832): App\Controllers\Progress\EduMonthlyController->baishakh()
#5 C:\wamp64\www\adminpro-2\vendor\codeigniter4\framework\system\CodeIgniter.php(419): CodeIgniter\CodeIgniter->runController(Object(App\Controllers\Progress\EduMonthlyController))
#6 C:\wamp64\www\adminpro-2\vendor\codeigniter4\framework\system\CodeIgniter.php(326): CodeIgniter\CodeIgniter->handleRequest(NULL, Object(Config\Cache), false)
#7 C:\wamp64\www\adminpro-2\public\index.php(37): CodeIgniter\CodeIgniter->run()
#8 C:\wamp64\www\adminpro-2\vendor\codeigniter4\framework\system\Commands\Server\rewrite.php(43): require_once('C:\\wamp64\\www\\a...')
#9 {main}
CRITICAL - 2024-04-10 22:45:12 --> Undefined variable $title
#0 C:\wamp64\www\adminpro-2\app\Views\progress\education\add-monthly.php(14): CodeIgniter\Debug\Exceptions->errorHandler(2, 'Undefined varia...', 'C:\\wamp64\\www\\a...', 14)
#1 C:\wamp64\www\adminpro-2\vendor\codeigniter4\framework\system\View\View.php(210): include('C:\\wamp64\\www\\a...')
#2 C:\wamp64\www\adminpro-2\vendor\codeigniter4\framework\system\View\View.php(213): CodeIgniter\View\View->CodeIgniter\View\{closure}()
#3 C:\wamp64\www\adminpro-2\vendor\codeigniter4\framework\system\Common.php(1089): CodeIgniter\View\View->render('/progress/educa...', Array, true)
#4 C:\wamp64\www\adminpro-2\app\Controllers\Progress\EduMonthlyController.php(130): view('/progress/educa...', Array)
#5 C:\wamp64\www\adminpro-2\vendor\codeigniter4\framework\system\CodeIgniter.php(832): App\Controllers\Progress\EduMonthlyController->baishakh()
#6 C:\wamp64\www\adminpro-2\vendor\codeigniter4\framework\system\CodeIgniter.php(419): CodeIgniter\CodeIgniter->runController(Object(App\Controllers\Progress\EduMonthlyController))
#7 C:\wamp64\www\adminpro-2\vendor\codeigniter4\framework\system\CodeIgniter.php(326): CodeIgniter\CodeIgniter->handleRequest(NULL, Object(Config\Cache), false)
#8 C:\wamp64\www\adminpro-2\public\index.php(37): CodeIgniter\CodeIgniter->run()
#9 C:\wamp64\www\adminpro-2\vendor\codeigniter4\framework\system\Commands\Server\rewrite.php(43): require_once('C:\\wamp64\\www\\a...')
#10 {main}
