ERROR - 2024-03-09 10:59:39 --> Email: sendWithSmtp throwed fsockopen(): php_network_getaddresses: getaddrinfo for smtp-relay.brevo.com failed: No such host is known. 
ERROR - 2024-03-09 18:49:34 --> Unknown column 'certno' in 'field list'
CRITICAL - 2024-03-09 18:49:34 --> Unknown column 'certno' in 'field list'
#0 C:\wamp64\www\adminpro-2\vendor\codeigniter4\framework\system\Database\MySQLi\Connection.php(292): mysqli->query('SELECT MAX(`cer...', 0)
#1 C:\wamp64\www\adminpro-2\vendor\codeigniter4\framework\system\Database\BaseConnection.php(670): CodeIgniter\Database\MySQLi\Connection->execute('SELECT MAX(`cer...')
#2 C:\wamp64\www\adminpro-2\vendor\codeigniter4\framework\system\Database\BaseConnection.php(598): CodeIgniter\Database\BaseConnection->simpleQuery('SELECT MAX(`cer...')
#3 C:\wamp64\www\adminpro-2\vendor\codeigniter4\framework\system\Database\BaseBuilder.php(1455): CodeIgniter\Database\BaseConnection->query('SELECT MAX(`cer...', Array, false)
#4 C:\wamp64\www\adminpro-2\vendor\codeigniter4\framework\system\Model.php(728): CodeIgniter\Database\BaseBuilder->get()
#5 C:\wamp64\www\adminpro-2\app\Controllers\EmployeeController.php(128): CodeIgniter\Model->__call('get', Array)
#6 C:\wamp64\www\adminpro-2\vendor\codeigniter4\framework\system\CodeIgniter.php(832): App\Controllers\EmployeeController->employee()
#7 C:\wamp64\www\adminpro-2\vendor\codeigniter4\framework\system\CodeIgniter.php(419): CodeIgniter\CodeIgniter->runController(Object(App\Controllers\EmployeeController))
#8 C:\wamp64\www\adminpro-2\vendor\codeigniter4\framework\system\CodeIgniter.php(326): CodeIgniter\CodeIgniter->handleRequest(NULL, Object(Config\Cache), false)
#9 C:\wamp64\www\adminpro-2\public\index.php(37): CodeIgniter\CodeIgniter->run()
#10 C:\wamp64\www\adminpro-2\vendor\codeigniter4\framework\system\Commands\Server\rewrite.php(43): require_once('C:\\wamp64\\www\\a...')
#11 {main}
CRITICAL - 2024-03-09 18:54:51 --> Undefined variable $serialNo
#0 C:\wamp64\www\adminpro-2\app\Controllers\EmployeeController.php(128): CodeIgniter\Debug\Exceptions->errorHandler(2, 'Undefined varia...', 'C:\\wamp64\\www\\a...', 128)
#1 C:\wamp64\www\adminpro-2\vendor\codeigniter4\framework\system\CodeIgniter.php(832): App\Controllers\EmployeeController->employee()
#2 C:\wamp64\www\adminpro-2\vendor\codeigniter4\framework\system\CodeIgniter.php(419): CodeIgniter\CodeIgniter->runController(Object(App\Controllers\EmployeeController))
#3 C:\wamp64\www\adminpro-2\vendor\codeigniter4\framework\system\CodeIgniter.php(326): CodeIgniter\CodeIgniter->handleRequest(NULL, Object(Config\Cache), false)
#4 C:\wamp64\www\adminpro-2\public\index.php(37): CodeIgniter\CodeIgniter->run()
#5 C:\wamp64\www\adminpro-2\vendor\codeigniter4\framework\system\Commands\Server\rewrite.php(43): require_once('C:\\wamp64\\www\\a...')
#6 {main}
ERROR - 2024-03-09 18:55:53 --> Unknown column 'file_path' in 'field list'
CRITICAL - 2024-03-09 18:55:53 --> Unknown column 'file_path' in 'field list'
#0 C:\wamp64\www\adminpro-2\vendor\codeigniter4\framework\system\Database\MySQLi\Connection.php(292): mysqli->query('INSERT INTO `em...', 0)
#1 C:\wamp64\www\adminpro-2\vendor\codeigniter4\framework\system\Database\BaseConnection.php(670): CodeIgniter\Database\MySQLi\Connection->execute('INSERT INTO `em...')
#2 C:\wamp64\www\adminpro-2\vendor\codeigniter4\framework\system\Database\BaseConnection.php(598): CodeIgniter\Database\BaseConnection->simpleQuery('INSERT INTO `em...')
#3 C:\wamp64\www\adminpro-2\vendor\codeigniter4\framework\system\Database\BaseBuilder.php(1771): CodeIgniter\Database\BaseConnection->query('INSERT INTO `em...', Array, false)
#4 C:\wamp64\www\adminpro-2\app\Controllers\EmployeeController.php(184): CodeIgniter\Database\BaseBuilder->insert(Array)
#5 C:\wamp64\www\adminpro-2\vendor\codeigniter4\framework\system\CodeIgniter.php(832): App\Controllers\EmployeeController->employee()
#6 C:\wamp64\www\adminpro-2\vendor\codeigniter4\framework\system\CodeIgniter.php(419): CodeIgniter\CodeIgniter->runController(Object(App\Controllers\EmployeeController))
#7 C:\wamp64\www\adminpro-2\vendor\codeigniter4\framework\system\CodeIgniter.php(326): CodeIgniter\CodeIgniter->handleRequest(NULL, Object(Config\Cache), false)
#8 C:\wamp64\www\adminpro-2\public\index.php(37): CodeIgniter\CodeIgniter->run()
#9 C:\wamp64\www\adminpro-2\vendor\codeigniter4\framework\system\Commands\Server\rewrite.php(43): require_once('C:\\wamp64\\www\\a...')
#10 {main}
ERROR - 2024-03-09 18:56:35 --> Unknown column 'file_path' in 'field list'
CRITICAL - 2024-03-09 18:56:35 --> Unknown column 'file_path' in 'field list'
#0 C:\wamp64\www\adminpro-2\vendor\codeigniter4\framework\system\Database\MySQLi\Connection.php(292): mysqli->query('INSERT INTO `em...', 0)
#1 C:\wamp64\www\adminpro-2\vendor\codeigniter4\framework\system\Database\BaseConnection.php(670): CodeIgniter\Database\MySQLi\Connection->execute('INSERT INTO `em...')
#2 C:\wamp64\www\adminpro-2\vendor\codeigniter4\framework\system\Database\BaseConnection.php(598): CodeIgniter\Database\BaseConnection->simpleQuery('INSERT INTO `em...')
#3 C:\wamp64\www\adminpro-2\vendor\codeigniter4\framework\system\Database\BaseBuilder.php(1771): CodeIgniter\Database\BaseConnection->query('INSERT INTO `em...', Array, false)
#4 C:\wamp64\www\adminpro-2\app\Controllers\EmployeeController.php(184): CodeIgniter\Database\BaseBuilder->insert(Array)
#5 C:\wamp64\www\adminpro-2\vendor\codeigniter4\framework\system\CodeIgniter.php(832): App\Controllers\EmployeeController->employee()
#6 C:\wamp64\www\adminpro-2\vendor\codeigniter4\framework\system\CodeIgniter.php(419): CodeIgniter\CodeIgniter->runController(Object(App\Controllers\EmployeeController))
#7 C:\wamp64\www\adminpro-2\vendor\codeigniter4\framework\system\CodeIgniter.php(326): CodeIgniter\CodeIgniter->handleRequest(NULL, Object(Config\Cache), false)
#8 C:\wamp64\www\adminpro-2\public\index.php(37): CodeIgniter\CodeIgniter->run()
#9 C:\wamp64\www\adminpro-2\vendor\codeigniter4\framework\system\Commands\Server\rewrite.php(43): require_once('C:\\wamp64\\www\\a...')
#10 {main}
CRITICAL - 2024-03-09 18:59:30 --> Invalid file: employee/list.php
#0 C:\wamp64\www\adminpro-2\vendor\codeigniter4\framework\system\View\View.php(198): CodeIgniter\Exceptions\FrameworkException::forInvalidFile('employee/list.p...')
#1 C:\wamp64\www\adminpro-2\vendor\codeigniter4\framework\system\Common.php(1089): CodeIgniter\View\View->render('employee/list', Array, true)
#2 C:\wamp64\www\adminpro-2\app\Controllers\EmployeeController.php(56): view('employee/list', Array)
#3 C:\wamp64\www\adminpro-2\vendor\codeigniter4\framework\system\CodeIgniter.php(832): App\Controllers\EmployeeController->employeelist()
#4 C:\wamp64\www\adminpro-2\vendor\codeigniter4\framework\system\CodeIgniter.php(419): CodeIgniter\CodeIgniter->runController(Object(App\Controllers\EmployeeController))
#5 C:\wamp64\www\adminpro-2\vendor\codeigniter4\framework\system\CodeIgniter.php(326): CodeIgniter\CodeIgniter->handleRequest(NULL, Object(Config\Cache), false)
#6 C:\wamp64\www\adminpro-2\public\index.php(37): CodeIgniter\CodeIgniter->run()
#7 C:\wamp64\www\adminpro-2\vendor\codeigniter4\framework\system\Commands\Server\rewrite.php(43): require_once('C:\\wamp64\\www\\a...')
#8 {main}
CRITICAL - 2024-03-09 19:26:30 --> Attempt to read property "id" on array
#0 C:\wamp64\www\adminpro-2\app\Views\progress\employee\list.php(80): CodeIgniter\Debug\Exceptions->errorHandler(2, 'Attempt to read...', 'C:\\wamp64\\www\\a...', 80)
#1 C:\wamp64\www\adminpro-2\vendor\codeigniter4\framework\system\View\View.php(210): include('C:\\wamp64\\www\\a...')
#2 C:\wamp64\www\adminpro-2\vendor\codeigniter4\framework\system\View\View.php(213): CodeIgniter\View\View->CodeIgniter\View\{closure}()
#3 C:\wamp64\www\adminpro-2\vendor\codeigniter4\framework\system\Common.php(1089): CodeIgniter\View\View->render('progress/employ...', Array, true)
#4 C:\wamp64\www\adminpro-2\app\Controllers\EmployeeController.php(56): view('progress/employ...', Array)
#5 C:\wamp64\www\adminpro-2\vendor\codeigniter4\framework\system\CodeIgniter.php(832): App\Controllers\EmployeeController->employeelist()
#6 C:\wamp64\www\adminpro-2\vendor\codeigniter4\framework\system\CodeIgniter.php(419): CodeIgniter\CodeIgniter->runController(Object(App\Controllers\EmployeeController))
#7 C:\wamp64\www\adminpro-2\vendor\codeigniter4\framework\system\CodeIgniter.php(326): CodeIgniter\CodeIgniter->handleRequest(NULL, Object(Config\Cache), false)
#8 C:\wamp64\www\adminpro-2\public\index.php(37): CodeIgniter\CodeIgniter->run()
#9 C:\wamp64\www\adminpro-2\vendor\codeigniter4\framework\system\Commands\Server\rewrite.php(43): require_once('C:\\wamp64\\www\\a...')
#10 {main}
CRITICAL - 2024-03-09 19:27:30 --> Attempt to read property "id" on array
#0 C:\wamp64\www\adminpro-2\app\Views\progress\employee\list.php(80): CodeIgniter\Debug\Exceptions->errorHandler(2, 'Attempt to read...', 'C:\\wamp64\\www\\a...', 80)
#1 C:\wamp64\www\adminpro-2\vendor\codeigniter4\framework\system\View\View.php(210): include('C:\\wamp64\\www\\a...')
#2 C:\wamp64\www\adminpro-2\vendor\codeigniter4\framework\system\View\View.php(213): CodeIgniter\View\View->CodeIgniter\View\{closure}()
#3 C:\wamp64\www\adminpro-2\vendor\codeigniter4\framework\system\Common.php(1089): CodeIgniter\View\View->render('progress/employ...', Array, true)
#4 C:\wamp64\www\adminpro-2\app\Controllers\EmployeeController.php(56): view('progress/employ...', Array)
#5 C:\wamp64\www\adminpro-2\vendor\codeigniter4\framework\system\CodeIgniter.php(832): App\Controllers\EmployeeController->employeelist()
#6 C:\wamp64\www\adminpro-2\vendor\codeigniter4\framework\system\CodeIgniter.php(419): CodeIgniter\CodeIgniter->runController(Object(App\Controllers\EmployeeController))
#7 C:\wamp64\www\adminpro-2\vendor\codeigniter4\framework\system\CodeIgniter.php(326): CodeIgniter\CodeIgniter->handleRequest(NULL, Object(Config\Cache), false)
#8 C:\wamp64\www\adminpro-2\public\index.php(37): CodeIgniter\CodeIgniter->run()
#9 C:\wamp64\www\adminpro-2\vendor\codeigniter4\framework\system\Commands\Server\rewrite.php(43): require_once('C:\\wamp64\\www\\a...')
#10 {main}
CRITICAL - 2024-03-09 19:28:34 --> Undefined variable $list
#0 C:\wamp64\www\adminpro-2\app\Views\progress\employee\list.php(135): CodeIgniter\Debug\Exceptions->errorHandler(2, 'Undefined varia...', 'C:\\wamp64\\www\\a...', 135)
#1 C:\wamp64\www\adminpro-2\vendor\codeigniter4\framework\system\View\View.php(210): include('C:\\wamp64\\www\\a...')
#2 C:\wamp64\www\adminpro-2\vendor\codeigniter4\framework\system\View\View.php(213): CodeIgniter\View\View->CodeIgniter\View\{closure}()
#3 C:\wamp64\www\adminpro-2\vendor\codeigniter4\framework\system\Common.php(1089): CodeIgniter\View\View->render('progress/employ...', Array, true)
#4 C:\wamp64\www\adminpro-2\app\Controllers\EmployeeController.php(56): view('progress/employ...', Array)
#5 C:\wamp64\www\adminpro-2\vendor\codeigniter4\framework\system\CodeIgniter.php(832): App\Controllers\EmployeeController->employeelist()
#6 C:\wamp64\www\adminpro-2\vendor\codeigniter4\framework\system\CodeIgniter.php(419): CodeIgniter\CodeIgniter->runController(Object(App\Controllers\EmployeeController))
#7 C:\wamp64\www\adminpro-2\vendor\codeigniter4\framework\system\CodeIgniter.php(326): CodeIgniter\CodeIgniter->handleRequest(NULL, Object(Config\Cache), false)
#8 C:\wamp64\www\adminpro-2\public\index.php(37): CodeIgniter\CodeIgniter->run()
#9 C:\wamp64\www\adminpro-2\vendor\codeigniter4\framework\system\Commands\Server\rewrite.php(43): require_once('C:\\wamp64\\www\\a...')
#10 {main}
CRITICAL - 2024-03-09 20:08:25 --> Call to undefined method App\Models\EmployeeModel::getByWhere
#0 C:\wamp64\www\adminpro-2\app\Controllers\EmployeeController.php(77): CodeIgniter\Model->__call('getByWhere', Array)
#1 C:\wamp64\www\adminpro-2\vendor\codeigniter4\framework\system\CodeIgniter.php(832): App\Controllers\EmployeeController->employeelist()
#2 C:\wamp64\www\adminpro-2\vendor\codeigniter4\framework\system\CodeIgniter.php(419): CodeIgniter\CodeIgniter->runController(Object(App\Controllers\EmployeeController))
#3 C:\wamp64\www\adminpro-2\vendor\codeigniter4\framework\system\CodeIgniter.php(326): CodeIgniter\CodeIgniter->handleRequest(NULL, Object(Config\Cache), false)
#4 C:\wamp64\www\adminpro-2\public\index.php(37): CodeIgniter\CodeIgniter->run()
#5 C:\wamp64\www\adminpro-2\vendor\codeigniter4\framework\system\Commands\Server\rewrite.php(43): require_once('C:\\wamp64\\www\\a...')
#6 {main}
CRITICAL - 2024-03-09 20:10:27 --> Call to undefined method App\Models\EmployeeModel::getByWhere
#0 C:\wamp64\www\adminpro-2\app\Controllers\EmployeeController.php(77): CodeIgniter\Model->__call('getByWhere', Array)
#1 C:\wamp64\www\adminpro-2\vendor\codeigniter4\framework\system\CodeIgniter.php(832): App\Controllers\EmployeeController->employeelist()
#2 C:\wamp64\www\adminpro-2\vendor\codeigniter4\framework\system\CodeIgniter.php(419): CodeIgniter\CodeIgniter->runController(Object(App\Controllers\EmployeeController))
#3 C:\wamp64\www\adminpro-2\vendor\codeigniter4\framework\system\CodeIgniter.php(326): CodeIgniter\CodeIgniter->handleRequest(NULL, Object(Config\Cache), false)
#4 C:\wamp64\www\adminpro-2\public\index.php(37): CodeIgniter\CodeIgniter->run()
#5 C:\wamp64\www\adminpro-2\vendor\codeigniter4\framework\system\Commands\Server\rewrite.php(43): require_once('C:\\wamp64\\www\\a...')
#6 {main}
CRITICAL - 2024-03-09 20:10:39 --> Call to undefined method App\Models\EmployeeModel::getByWhere
#0 C:\wamp64\www\adminpro-2\app\Controllers\EmployeeController.php(77): CodeIgniter\Model->__call('getByWhere', Array)
#1 C:\wamp64\www\adminpro-2\vendor\codeigniter4\framework\system\CodeIgniter.php(832): App\Controllers\EmployeeController->employeelist()
#2 C:\wamp64\www\adminpro-2\vendor\codeigniter4\framework\system\CodeIgniter.php(419): CodeIgniter\CodeIgniter->runController(Object(App\Controllers\EmployeeController))
#3 C:\wamp64\www\adminpro-2\vendor\codeigniter4\framework\system\CodeIgniter.php(326): CodeIgniter\CodeIgniter->handleRequest(NULL, Object(Config\Cache), false)
#4 C:\wamp64\www\adminpro-2\public\index.php(37): CodeIgniter\CodeIgniter->run()
#5 C:\wamp64\www\adminpro-2\vendor\codeigniter4\framework\system\Commands\Server\rewrite.php(43): require_once('C:\\wamp64\\www\\a...')
#6 {main}
CRITICAL - 2024-03-09 20:10:40 --> Call to undefined method App\Models\EmployeeModel::getByWhere
#0 C:\wamp64\www\adminpro-2\app\Controllers\EmployeeController.php(77): CodeIgniter\Model->__call('getByWhere', Array)
#1 C:\wamp64\www\adminpro-2\vendor\codeigniter4\framework\system\CodeIgniter.php(832): App\Controllers\EmployeeController->employeelist()
#2 C:\wamp64\www\adminpro-2\vendor\codeigniter4\framework\system\CodeIgniter.php(419): CodeIgniter\CodeIgniter->runController(Object(App\Controllers\EmployeeController))
#3 C:\wamp64\www\adminpro-2\vendor\codeigniter4\framework\system\CodeIgniter.php(326): CodeIgniter\CodeIgniter->handleRequest(NULL, Object(Config\Cache), false)
#4 C:\wamp64\www\adminpro-2\public\index.php(37): CodeIgniter\CodeIgniter->run()
#5 C:\wamp64\www\adminpro-2\vendor\codeigniter4\framework\system\Commands\Server\rewrite.php(43): require_once('C:\\wamp64\\www\\a...')
#6 {main}
CRITICAL - 2024-03-09 20:13:59 --> Attempt to read property "id" on array
#0 C:\wamp64\www\adminpro-2\app\Views\progress\employee\list.php(116): CodeIgniter\Debug\Exceptions->errorHandler(2, 'Attempt to read...', 'C:\\wamp64\\www\\a...', 116)
#1 C:\wamp64\www\adminpro-2\vendor\codeigniter4\framework\system\View\View.php(210): include('C:\\wamp64\\www\\a...')
#2 C:\wamp64\www\adminpro-2\vendor\codeigniter4\framework\system\View\View.php(213): CodeIgniter\View\View->CodeIgniter\View\{closure}()
#3 C:\wamp64\www\adminpro-2\vendor\codeigniter4\framework\system\Common.php(1089): CodeIgniter\View\View->render('progress/employ...', Array, true)
#4 C:\wamp64\www\adminpro-2\app\Controllers\EmployeeController.php(85): view('progress/employ...', Array)
#5 C:\wamp64\www\adminpro-2\vendor\codeigniter4\framework\system\CodeIgniter.php(832): App\Controllers\EmployeeController->employeelist()
#6 C:\wamp64\www\adminpro-2\vendor\codeigniter4\framework\system\CodeIgniter.php(419): CodeIgniter\CodeIgniter->runController(Object(App\Controllers\EmployeeController))
#7 C:\wamp64\www\adminpro-2\vendor\codeigniter4\framework\system\CodeIgniter.php(326): CodeIgniter\CodeIgniter->handleRequest(NULL, Object(Config\Cache), false)
#8 C:\wamp64\www\adminpro-2\public\index.php(37): CodeIgniter\CodeIgniter->run()
#9 C:\wamp64\www\adminpro-2\vendor\codeigniter4\framework\system\Commands\Server\rewrite.php(43): require_once('C:\\wamp64\\www\\a...')
#10 {main}
CRITICAL - 2024-03-09 20:14:14 --> Attempt to read property "id" on array
#0 C:\wamp64\www\adminpro-2\app\Views\progress\employee\list.php(116): CodeIgniter\Debug\Exceptions->errorHandler(2, 'Attempt to read...', 'C:\\wamp64\\www\\a...', 116)
#1 C:\wamp64\www\adminpro-2\vendor\codeigniter4\framework\system\View\View.php(210): include('C:\\wamp64\\www\\a...')
#2 C:\wamp64\www\adminpro-2\vendor\codeigniter4\framework\system\View\View.php(213): CodeIgniter\View\View->CodeIgniter\View\{closure}()
#3 C:\wamp64\www\adminpro-2\vendor\codeigniter4\framework\system\Common.php(1089): CodeIgniter\View\View->render('progress/employ...', Array, true)
#4 C:\wamp64\www\adminpro-2\app\Controllers\EmployeeController.php(85): view('progress/employ...', Array)
#5 C:\wamp64\www\adminpro-2\vendor\codeigniter4\framework\system\CodeIgniter.php(832): App\Controllers\EmployeeController->employeelist()
#6 C:\wamp64\www\adminpro-2\vendor\codeigniter4\framework\system\CodeIgniter.php(419): CodeIgniter\CodeIgniter->runController(Object(App\Controllers\EmployeeController))
#7 C:\wamp64\www\adminpro-2\vendor\codeigniter4\framework\system\CodeIgniter.php(326): CodeIgniter\CodeIgniter->handleRequest(NULL, Object(Config\Cache), false)
#8 C:\wamp64\www\adminpro-2\public\index.php(37): CodeIgniter\CodeIgniter->run()
#9 C:\wamp64\www\adminpro-2\vendor\codeigniter4\framework\system\Commands\Server\rewrite.php(43): require_once('C:\\wamp64\\www\\a...')
#10 {main}
CRITICAL - 2024-03-09 20:14:24 --> Attempt to read property "id" on array
#0 C:\wamp64\www\adminpro-2\app\Views\progress\employee\list.php(116): CodeIgniter\Debug\Exceptions->errorHandler(2, 'Attempt to read...', 'C:\\wamp64\\www\\a...', 116)
#1 C:\wamp64\www\adminpro-2\vendor\codeigniter4\framework\system\View\View.php(210): include('C:\\wamp64\\www\\a...')
#2 C:\wamp64\www\adminpro-2\vendor\codeigniter4\framework\system\View\View.php(213): CodeIgniter\View\View->CodeIgniter\View\{closure}()
#3 C:\wamp64\www\adminpro-2\vendor\codeigniter4\framework\system\Common.php(1089): CodeIgniter\View\View->render('progress/employ...', Array, true)
#4 C:\wamp64\www\adminpro-2\app\Controllers\EmployeeController.php(85): view('progress/employ...', Array)
#5 C:\wamp64\www\adminpro-2\vendor\codeigniter4\framework\system\CodeIgniter.php(832): App\Controllers\EmployeeController->employeelist()
#6 C:\wamp64\www\adminpro-2\vendor\codeigniter4\framework\system\CodeIgniter.php(419): CodeIgniter\CodeIgniter->runController(Object(App\Controllers\EmployeeController))
#7 C:\wamp64\www\adminpro-2\vendor\codeigniter4\framework\system\CodeIgniter.php(326): CodeIgniter\CodeIgniter->handleRequest(NULL, Object(Config\Cache), false)
#8 C:\wamp64\www\adminpro-2\public\index.php(37): CodeIgniter\CodeIgniter->run()
#9 C:\wamp64\www\adminpro-2\vendor\codeigniter4\framework\system\Commands\Server\rewrite.php(43): require_once('C:\\wamp64\\www\\a...')
#10 {main}
CRITICAL - 2024-03-09 20:14:25 --> Attempt to read property "id" on array
#0 C:\wamp64\www\adminpro-2\app\Views\progress\employee\list.php(116): CodeIgniter\Debug\Exceptions->errorHandler(2, 'Attempt to read...', 'C:\\wamp64\\www\\a...', 116)
#1 C:\wamp64\www\adminpro-2\vendor\codeigniter4\framework\system\View\View.php(210): include('C:\\wamp64\\www\\a...')
#2 C:\wamp64\www\adminpro-2\vendor\codeigniter4\framework\system\View\View.php(213): CodeIgniter\View\View->CodeIgniter\View\{closure}()
#3 C:\wamp64\www\adminpro-2\vendor\codeigniter4\framework\system\Common.php(1089): CodeIgniter\View\View->render('progress/employ...', Array, true)
#4 C:\wamp64\www\adminpro-2\app\Controllers\EmployeeController.php(85): view('progress/employ...', Array)
#5 C:\wamp64\www\adminpro-2\vendor\codeigniter4\framework\system\CodeIgniter.php(832): App\Controllers\EmployeeController->employeelist()
#6 C:\wamp64\www\adminpro-2\vendor\codeigniter4\framework\system\CodeIgniter.php(419): CodeIgniter\CodeIgniter->runController(Object(App\Controllers\EmployeeController))
#7 C:\wamp64\www\adminpro-2\vendor\codeigniter4\framework\system\CodeIgniter.php(326): CodeIgniter\CodeIgniter->handleRequest(NULL, Object(Config\Cache), false)
#8 C:\wamp64\www\adminpro-2\public\index.php(37): CodeIgniter\CodeIgniter->run()
#9 C:\wamp64\www\adminpro-2\vendor\codeigniter4\framework\system\Commands\Server\rewrite.php(43): require_once('C:\\wamp64\\www\\a...')
#10 {main}
CRITICAL - 2024-03-09 20:23:58 --> Attempt to read property "id" on array
#0 C:\wamp64\www\adminpro-2\app\Views\progress\employee\list.php(116): CodeIgniter\Debug\Exceptions->errorHandler(2, 'Attempt to read...', 'C:\\wamp64\\www\\a...', 116)
#1 C:\wamp64\www\adminpro-2\vendor\codeigniter4\framework\system\View\View.php(210): include('C:\\wamp64\\www\\a...')
#2 C:\wamp64\www\adminpro-2\vendor\codeigniter4\framework\system\View\View.php(213): CodeIgniter\View\View->CodeIgniter\View\{closure}()
#3 C:\wamp64\www\adminpro-2\vendor\codeigniter4\framework\system\Common.php(1089): CodeIgniter\View\View->render('progress/employ...', Array, true)
#4 C:\wamp64\www\adminpro-2\app\Controllers\EmployeeController.php(85): view('progress/employ...', Array)
#5 C:\wamp64\www\adminpro-2\vendor\codeigniter4\framework\system\CodeIgniter.php(832): App\Controllers\EmployeeController->employeelist()
#6 C:\wamp64\www\adminpro-2\vendor\codeigniter4\framework\system\CodeIgniter.php(419): CodeIgniter\CodeIgniter->runController(Object(App\Controllers\EmployeeController))
#7 C:\wamp64\www\adminpro-2\vendor\codeigniter4\framework\system\CodeIgniter.php(326): CodeIgniter\CodeIgniter->handleRequest(NULL, Object(Config\Cache), false)
#8 C:\wamp64\www\adminpro-2\public\index.php(37): CodeIgniter\CodeIgniter->run()
#9 C:\wamp64\www\adminpro-2\vendor\codeigniter4\framework\system\Commands\Server\rewrite.php(43): require_once('C:\\wamp64\\www\\a...')
#10 {main}
CRITICAL - 2024-03-09 20:24:47 --> Attempt to read property "id" on array
#0 C:\wamp64\www\adminpro-2\app\Views\progress\employee\list.php(116): CodeIgniter\Debug\Exceptions->errorHandler(2, 'Attempt to read...', 'C:\\wamp64\\www\\a...', 116)
#1 C:\wamp64\www\adminpro-2\vendor\codeigniter4\framework\system\View\View.php(210): include('C:\\wamp64\\www\\a...')
#2 C:\wamp64\www\adminpro-2\vendor\codeigniter4\framework\system\View\View.php(213): CodeIgniter\View\View->CodeIgniter\View\{closure}()
#3 C:\wamp64\www\adminpro-2\vendor\codeigniter4\framework\system\Common.php(1089): CodeIgniter\View\View->render('progress/employ...', Array, true)
#4 C:\wamp64\www\adminpro-2\app\Controllers\EmployeeController.php(85): view('progress/employ...', Array)
#5 C:\wamp64\www\adminpro-2\vendor\codeigniter4\framework\system\CodeIgniter.php(832): App\Controllers\EmployeeController->employeelist()
#6 C:\wamp64\www\adminpro-2\vendor\codeigniter4\framework\system\CodeIgniter.php(419): CodeIgniter\CodeIgniter->runController(Object(App\Controllers\EmployeeController))
#7 C:\wamp64\www\adminpro-2\vendor\codeigniter4\framework\system\CodeIgniter.php(326): CodeIgniter\CodeIgniter->handleRequest(NULL, Object(Config\Cache), false)
#8 C:\wamp64\www\adminpro-2\public\index.php(37): CodeIgniter\CodeIgniter->run()
#9 C:\wamp64\www\adminpro-2\vendor\codeigniter4\framework\system\Commands\Server\rewrite.php(43): require_once('C:\\wamp64\\www\\a...')
#10 {main}
ERROR - 2024-03-09 20:26:36 --> Unknown column 'use1r' in 'where clause'
CRITICAL - 2024-03-09 20:26:36 --> Unknown column 'use1r' in 'where clause'
#0 C:\wamp64\www\adminpro-2\vendor\codeigniter4\framework\system\Database\MySQLi\Connection.php(292): mysqli->query('SELECT *\nFROM `...', 0)
#1 C:\wamp64\www\adminpro-2\vendor\codeigniter4\framework\system\Database\BaseConnection.php(670): CodeIgniter\Database\MySQLi\Connection->execute('SELECT *\nFROM `...')
#2 C:\wamp64\www\adminpro-2\vendor\codeigniter4\framework\system\Database\BaseConnection.php(598): CodeIgniter\Database\BaseConnection->simpleQuery('SELECT *\nFROM `...')
#3 C:\wamp64\www\adminpro-2\vendor\codeigniter4\framework\system\Database\BaseBuilder.php(1455): CodeIgniter\Database\BaseConnection->query('SELECT *\nFROM `...', Array, false)
#4 C:\wamp64\www\adminpro-2\vendor\codeigniter4\framework\system\Model.php(183): CodeIgniter\Database\BaseBuilder->get()
#5 C:\wamp64\www\adminpro-2\vendor\codeigniter4\framework\system\BaseModel.php(584): CodeIgniter\Model->doFindAll(0, 0)
#6 C:\wamp64\www\adminpro-2\app\Models\BaseModel.php(111): CodeIgniter\BaseModel->findAll()
#7 C:\wamp64\www\adminpro-2\app\Controllers\ActivityLogs.php(28): App\Models\BaseModel->getByWhere(Array, Array)
#8 C:\wamp64\www\adminpro-2\vendor\codeigniter4\framework\system\CodeIgniter.php(832): App\Controllers\ActivityLogs->index()
#9 C:\wamp64\www\adminpro-2\vendor\codeigniter4\framework\system\CodeIgniter.php(419): CodeIgniter\CodeIgniter->runController(Object(App\Controllers\ActivityLogs))
#10 C:\wamp64\www\adminpro-2\vendor\codeigniter4\framework\system\CodeIgniter.php(326): CodeIgniter\CodeIgniter->handleRequest(NULL, Object(Config\Cache), false)
#11 C:\wamp64\www\adminpro-2\public\index.php(37): CodeIgniter\CodeIgniter->run()
#12 C:\wamp64\www\adminpro-2\vendor\codeigniter4\framework\system\Commands\Server\rewrite.php(43): require_once('C:\\wamp64\\www\\a...')
#13 {main}
ERROR - 2024-03-09 20:26:38 --> Unknown column 'use1r' in 'where clause'
CRITICAL - 2024-03-09 20:26:38 --> Unknown column 'use1r' in 'where clause'
#0 C:\wamp64\www\adminpro-2\vendor\codeigniter4\framework\system\Database\MySQLi\Connection.php(292): mysqli->query('SELECT *\nFROM `...', 0)
#1 C:\wamp64\www\adminpro-2\vendor\codeigniter4\framework\system\Database\BaseConnection.php(670): CodeIgniter\Database\MySQLi\Connection->execute('SELECT *\nFROM `...')
#2 C:\wamp64\www\adminpro-2\vendor\codeigniter4\framework\system\Database\BaseConnection.php(598): CodeIgniter\Database\BaseConnection->simpleQuery('SELECT *\nFROM `...')
#3 C:\wamp64\www\adminpro-2\vendor\codeigniter4\framework\system\Database\BaseBuilder.php(1455): CodeIgniter\Database\BaseConnection->query('SELECT *\nFROM `...', Array, false)
#4 C:\wamp64\www\adminpro-2\vendor\codeigniter4\framework\system\Model.php(183): CodeIgniter\Database\BaseBuilder->get()
#5 C:\wamp64\www\adminpro-2\vendor\codeigniter4\framework\system\BaseModel.php(584): CodeIgniter\Model->doFindAll(0, 0)
#6 C:\wamp64\www\adminpro-2\app\Models\BaseModel.php(111): CodeIgniter\BaseModel->findAll()
#7 C:\wamp64\www\adminpro-2\app\Controllers\ActivityLogs.php(28): App\Models\BaseModel->getByWhere(Array, Array)
#8 C:\wamp64\www\adminpro-2\vendor\codeigniter4\framework\system\CodeIgniter.php(832): App\Controllers\ActivityLogs->index()
#9 C:\wamp64\www\adminpro-2\vendor\codeigniter4\framework\system\CodeIgniter.php(419): CodeIgniter\CodeIgniter->runController(Object(App\Controllers\ActivityLogs))
#10 C:\wamp64\www\adminpro-2\vendor\codeigniter4\framework\system\CodeIgniter.php(326): CodeIgniter\CodeIgniter->handleRequest(NULL, Object(Config\Cache), false)
#11 C:\wamp64\www\adminpro-2\public\index.php(37): CodeIgniter\CodeIgniter->run()
#12 C:\wamp64\www\adminpro-2\vendor\codeigniter4\framework\system\Commands\Server\rewrite.php(43): require_once('C:\\wamp64\\www\\a...')
#13 {main}
ERROR - 2024-03-09 20:26:56 --> Unknown column 'use1r' in 'where clause'
CRITICAL - 2024-03-09 20:26:56 --> Unknown column 'use1r' in 'where clause'
#0 C:\wamp64\www\adminpro-2\vendor\codeigniter4\framework\system\Database\MySQLi\Connection.php(292): mysqli->query('SELECT *\nFROM `...', 0)
#1 C:\wamp64\www\adminpro-2\vendor\codeigniter4\framework\system\Database\BaseConnection.php(670): CodeIgniter\Database\MySQLi\Connection->execute('SELECT *\nFROM `...')
#2 C:\wamp64\www\adminpro-2\vendor\codeigniter4\framework\system\Database\BaseConnection.php(598): CodeIgniter\Database\BaseConnection->simpleQuery('SELECT *\nFROM `...')
#3 C:\wamp64\www\adminpro-2\vendor\codeigniter4\framework\system\Database\BaseBuilder.php(1455): CodeIgniter\Database\BaseConnection->query('SELECT *\nFROM `...', Array, false)
#4 C:\wamp64\www\adminpro-2\vendor\codeigniter4\framework\system\Model.php(183): CodeIgniter\Database\BaseBuilder->get()
#5 C:\wamp64\www\adminpro-2\vendor\codeigniter4\framework\system\BaseModel.php(584): CodeIgniter\Model->doFindAll(0, 0)
#6 C:\wamp64\www\adminpro-2\app\Models\BaseModel.php(111): CodeIgniter\BaseModel->findAll()
#7 C:\wamp64\www\adminpro-2\app\Controllers\ActivityLogs.php(28): App\Models\BaseModel->getByWhere(Array, Array)
#8 C:\wamp64\www\adminpro-2\vendor\codeigniter4\framework\system\CodeIgniter.php(832): App\Controllers\ActivityLogs->index()
#9 C:\wamp64\www\adminpro-2\vendor\codeigniter4\framework\system\CodeIgniter.php(419): CodeIgniter\CodeIgniter->runController(Object(App\Controllers\ActivityLogs))
#10 C:\wamp64\www\adminpro-2\vendor\codeigniter4\framework\system\CodeIgniter.php(326): CodeIgniter\CodeIgniter->handleRequest(NULL, Object(Config\Cache), false)
#11 C:\wamp64\www\adminpro-2\public\index.php(37): CodeIgniter\CodeIgniter->run()
#12 C:\wamp64\www\adminpro-2\vendor\codeigniter4\framework\system\Commands\Server\rewrite.php(43): require_once('C:\\wamp64\\www\\a...')
#13 {main}
CRITICAL - 2024-03-09 20:30:31 --> Call to undefined method App\Models\EmployeeModel::getByWhere
#0 C:\wamp64\www\adminpro-2\app\Controllers\EmployeeController.php(77): CodeIgniter\Model->__call('getByWhere', Array)
#1 C:\wamp64\www\adminpro-2\vendor\codeigniter4\framework\system\CodeIgniter.php(832): App\Controllers\EmployeeController->employeelist()
#2 C:\wamp64\www\adminpro-2\vendor\codeigniter4\framework\system\CodeIgniter.php(419): CodeIgniter\CodeIgniter->runController(Object(App\Controllers\EmployeeController))
#3 C:\wamp64\www\adminpro-2\vendor\codeigniter4\framework\system\CodeIgniter.php(326): CodeIgniter\CodeIgniter->handleRequest(NULL, Object(Config\Cache), false)
#4 C:\wamp64\www\adminpro-2\public\index.php(37): CodeIgniter\CodeIgniter->run()
#5 C:\wamp64\www\adminpro-2\vendor\codeigniter4\framework\system\Commands\Server\rewrite.php(43): require_once('C:\\wamp64\\www\\a...')
#6 {main}
CRITICAL - 2024-03-09 20:35:02 --> Attempt to read property "id" on array
#0 C:\wamp64\www\adminpro-2\app\Views\admin\activity_logs\list.php(64): CodeIgniter\Debug\Exceptions->errorHandler(2, 'Attempt to read...', 'C:\\wamp64\\www\\a...', 64)
#1 C:\wamp64\www\adminpro-2\vendor\codeigniter4\framework\system\View\View.php(210): include('C:\\wamp64\\www\\a...')
#2 C:\wamp64\www\adminpro-2\vendor\codeigniter4\framework\system\View\View.php(213): CodeIgniter\View\View->CodeIgniter\View\{closure}()
#3 C:\wamp64\www\adminpro-2\vendor\codeigniter4\framework\system\Common.php(1089): CodeIgniter\View\View->render('admin/activity_...', Array, true)
#4 C:\wamp64\www\adminpro-2\app\Controllers\ActivityLogs.php(36): view('admin/activity_...', Array)
#5 C:\wamp64\www\adminpro-2\vendor\codeigniter4\framework\system\CodeIgniter.php(832): App\Controllers\ActivityLogs->index()
#6 C:\wamp64\www\adminpro-2\vendor\codeigniter4\framework\system\CodeIgniter.php(419): CodeIgniter\CodeIgniter->runController(Object(App\Controllers\ActivityLogs))
#7 C:\wamp64\www\adminpro-2\vendor\codeigniter4\framework\system\CodeIgniter.php(326): CodeIgniter\CodeIgniter->handleRequest(NULL, Object(Config\Cache), false)
#8 C:\wamp64\www\adminpro-2\public\index.php(37): CodeIgniter\CodeIgniter->run()
#9 C:\wamp64\www\adminpro-2\vendor\codeigniter4\framework\system\Commands\Server\rewrite.php(43): require_once('C:\\wamp64\\www\\a...')
#10 {main}
CRITICAL - 2024-03-09 20:41:29 --> Attempt to read property "id" on array
#0 C:\wamp64\www\adminpro-2\app\Views\admin\activity_logs\list.php(64): CodeIgniter\Debug\Exceptions->errorHandler(2, 'Attempt to read...', 'C:\\wamp64\\www\\a...', 64)
#1 C:\wamp64\www\adminpro-2\vendor\codeigniter4\framework\system\View\View.php(210): include('C:\\wamp64\\www\\a...')
#2 C:\wamp64\www\adminpro-2\vendor\codeigniter4\framework\system\View\View.php(213): CodeIgniter\View\View->CodeIgniter\View\{closure}()
#3 C:\wamp64\www\adminpro-2\vendor\codeigniter4\framework\system\Common.php(1089): CodeIgniter\View\View->render('admin/activity_...', Array, true)
#4 C:\wamp64\www\adminpro-2\app\Controllers\ActivityLogs.php(32): view('admin/activity_...', Array)
#5 C:\wamp64\www\adminpro-2\vendor\codeigniter4\framework\system\CodeIgniter.php(832): App\Controllers\ActivityLogs->index()
#6 C:\wamp64\www\adminpro-2\vendor\codeigniter4\framework\system\CodeIgniter.php(419): CodeIgniter\CodeIgniter->runController(Object(App\Controllers\ActivityLogs))
#7 C:\wamp64\www\adminpro-2\vendor\codeigniter4\framework\system\CodeIgniter.php(326): CodeIgniter\CodeIgniter->handleRequest(NULL, Object(Config\Cache), false)
#8 C:\wamp64\www\adminpro-2\public\index.php(37): CodeIgniter\CodeIgniter->run()
#9 C:\wamp64\www\adminpro-2\vendor\codeigniter4\framework\system\Commands\Server\rewrite.php(43): require_once('C:\\wamp64\\www\\a...')
#10 {main}
CRITICAL - 2024-03-09 20:41:33 --> Attempt to read property "id" on array
#0 C:\wamp64\www\adminpro-2\app\Views\admin\activity_logs\list.php(64): CodeIgniter\Debug\Exceptions->errorHandler(2, 'Attempt to read...', 'C:\\wamp64\\www\\a...', 64)
#1 C:\wamp64\www\adminpro-2\vendor\codeigniter4\framework\system\View\View.php(210): include('C:\\wamp64\\www\\a...')
#2 C:\wamp64\www\adminpro-2\vendor\codeigniter4\framework\system\View\View.php(213): CodeIgniter\View\View->CodeIgniter\View\{closure}()
#3 C:\wamp64\www\adminpro-2\vendor\codeigniter4\framework\system\Common.php(1089): CodeIgniter\View\View->render('admin/activity_...', Array, true)
#4 C:\wamp64\www\adminpro-2\app\Controllers\ActivityLogs.php(32): view('admin/activity_...', Array)
#5 C:\wamp64\www\adminpro-2\vendor\codeigniter4\framework\system\CodeIgniter.php(832): App\Controllers\ActivityLogs->index()
#6 C:\wamp64\www\adminpro-2\vendor\codeigniter4\framework\system\CodeIgniter.php(419): CodeIgniter\CodeIgniter->runController(Object(App\Controllers\ActivityLogs))
#7 C:\wamp64\www\adminpro-2\vendor\codeigniter4\framework\system\CodeIgniter.php(326): CodeIgniter\CodeIgniter->handleRequest(NULL, Object(Config\Cache), false)
#8 C:\wamp64\www\adminpro-2\public\index.php(37): CodeIgniter\CodeIgniter->run()
#9 C:\wamp64\www\adminpro-2\vendor\codeigniter4\framework\system\Commands\Server\rewrite.php(43): require_once('C:\\wamp64\\www\\a...')
#10 {main}
CRITICAL - 2024-03-09 20:41:36 --> Attempt to read property "id" on array
#0 C:\wamp64\www\adminpro-2\app\Views\admin\activity_logs\list.php(64): CodeIgniter\Debug\Exceptions->errorHandler(2, 'Attempt to read...', 'C:\\wamp64\\www\\a...', 64)
#1 C:\wamp64\www\adminpro-2\vendor\codeigniter4\framework\system\View\View.php(210): include('C:\\wamp64\\www\\a...')
#2 C:\wamp64\www\adminpro-2\vendor\codeigniter4\framework\system\View\View.php(213): CodeIgniter\View\View->CodeIgniter\View\{closure}()
#3 C:\wamp64\www\adminpro-2\vendor\codeigniter4\framework\system\Common.php(1089): CodeIgniter\View\View->render('admin/activity_...', Array, true)
#4 C:\wamp64\www\adminpro-2\app\Controllers\ActivityLogs.php(32): view('admin/activity_...', Array)
#5 C:\wamp64\www\adminpro-2\vendor\codeigniter4\framework\system\CodeIgniter.php(832): App\Controllers\ActivityLogs->index()
#6 C:\wamp64\www\adminpro-2\vendor\codeigniter4\framework\system\CodeIgniter.php(419): CodeIgniter\CodeIgniter->runController(Object(App\Controllers\ActivityLogs))
#7 C:\wamp64\www\adminpro-2\vendor\codeigniter4\framework\system\CodeIgniter.php(326): CodeIgniter\CodeIgniter->handleRequest(NULL, Object(Config\Cache), false)
#8 C:\wamp64\www\adminpro-2\public\index.php(37): CodeIgniter\CodeIgniter->run()
#9 C:\wamp64\www\adminpro-2\vendor\codeigniter4\framework\system\Commands\Server\rewrite.php(43): require_once('C:\\wamp64\\www\\a...')
#10 {main}
CRITICAL - 2024-03-09 20:41:38 --> Attempt to read property "id" on array
#0 C:\wamp64\www\adminpro-2\app\Views\admin\activity_logs\list.php(64): CodeIgniter\Debug\Exceptions->errorHandler(2, 'Attempt to read...', 'C:\\wamp64\\www\\a...', 64)
#1 C:\wamp64\www\adminpro-2\vendor\codeigniter4\framework\system\View\View.php(210): include('C:\\wamp64\\www\\a...')
#2 C:\wamp64\www\adminpro-2\vendor\codeigniter4\framework\system\View\View.php(213): CodeIgniter\View\View->CodeIgniter\View\{closure}()
#3 C:\wamp64\www\adminpro-2\vendor\codeigniter4\framework\system\Common.php(1089): CodeIgniter\View\View->render('admin/activity_...', Array, true)
#4 C:\wamp64\www\adminpro-2\app\Controllers\ActivityLogs.php(32): view('admin/activity_...', Array)
#5 C:\wamp64\www\adminpro-2\vendor\codeigniter4\framework\system\CodeIgniter.php(832): App\Controllers\ActivityLogs->index()
#6 C:\wamp64\www\adminpro-2\vendor\codeigniter4\framework\system\CodeIgniter.php(419): CodeIgniter\CodeIgniter->runController(Object(App\Controllers\ActivityLogs))
#7 C:\wamp64\www\adminpro-2\vendor\codeigniter4\framework\system\CodeIgniter.php(326): CodeIgniter\CodeIgniter->handleRequest(NULL, Object(Config\Cache), false)
#8 C:\wamp64\www\adminpro-2\public\index.php(37): CodeIgniter\CodeIgniter->run()
#9 C:\wamp64\www\adminpro-2\vendor\codeigniter4\framework\system\Commands\Server\rewrite.php(43): require_once('C:\\wamp64\\www\\a...')
#10 {main}
CRITICAL - 2024-03-09 20:41:39 --> Attempt to read property "id" on array
#0 C:\wamp64\www\adminpro-2\app\Views\admin\activity_logs\list.php(64): CodeIgniter\Debug\Exceptions->errorHandler(2, 'Attempt to read...', 'C:\\wamp64\\www\\a...', 64)
#1 C:\wamp64\www\adminpro-2\vendor\codeigniter4\framework\system\View\View.php(210): include('C:\\wamp64\\www\\a...')
#2 C:\wamp64\www\adminpro-2\vendor\codeigniter4\framework\system\View\View.php(213): CodeIgniter\View\View->CodeIgniter\View\{closure}()
#3 C:\wamp64\www\adminpro-2\vendor\codeigniter4\framework\system\Common.php(1089): CodeIgniter\View\View->render('admin/activity_...', Array, true)
#4 C:\wamp64\www\adminpro-2\app\Controllers\ActivityLogs.php(32): view('admin/activity_...', Array)
#5 C:\wamp64\www\adminpro-2\vendor\codeigniter4\framework\system\CodeIgniter.php(832): App\Controllers\ActivityLogs->index()
#6 C:\wamp64\www\adminpro-2\vendor\codeigniter4\framework\system\CodeIgniter.php(419): CodeIgniter\CodeIgniter->runController(Object(App\Controllers\ActivityLogs))
#7 C:\wamp64\www\adminpro-2\vendor\codeigniter4\framework\system\CodeIgniter.php(326): CodeIgniter\CodeIgniter->handleRequest(NULL, Object(Config\Cache), false)
#8 C:\wamp64\www\adminpro-2\public\index.php(37): CodeIgniter\CodeIgniter->run()
#9 C:\wamp64\www\adminpro-2\vendor\codeigniter4\framework\system\Commands\Server\rewrite.php(43): require_once('C:\\wamp64\\www\\a...')
#10 {main}
CRITICAL - 2024-03-09 20:41:43 --> Attempt to read property "id" on array
#0 C:\wamp64\www\adminpro-2\app\Views\admin\activity_logs\list.php(64): CodeIgniter\Debug\Exceptions->errorHandler(2, 'Attempt to read...', 'C:\\wamp64\\www\\a...', 64)
#1 C:\wamp64\www\adminpro-2\vendor\codeigniter4\framework\system\View\View.php(210): include('C:\\wamp64\\www\\a...')
#2 C:\wamp64\www\adminpro-2\vendor\codeigniter4\framework\system\View\View.php(213): CodeIgniter\View\View->CodeIgniter\View\{closure}()
#3 C:\wamp64\www\adminpro-2\vendor\codeigniter4\framework\system\Common.php(1089): CodeIgniter\View\View->render('admin/activity_...', Array, true)
#4 C:\wamp64\www\adminpro-2\app\Controllers\ActivityLogs.php(32): view('admin/activity_...', Array)
#5 C:\wamp64\www\adminpro-2\vendor\codeigniter4\framework\system\CodeIgniter.php(832): App\Controllers\ActivityLogs->index()
#6 C:\wamp64\www\adminpro-2\vendor\codeigniter4\framework\system\CodeIgniter.php(419): CodeIgniter\CodeIgniter->runController(Object(App\Controllers\ActivityLogs))
#7 C:\wamp64\www\adminpro-2\vendor\codeigniter4\framework\system\CodeIgniter.php(326): CodeIgniter\CodeIgniter->handleRequest(NULL, Object(Config\Cache), false)
#8 C:\wamp64\www\adminpro-2\public\index.php(37): CodeIgniter\CodeIgniter->run()
#9 C:\wamp64\www\adminpro-2\vendor\codeigniter4\framework\system\Commands\Server\rewrite.php(43): require_once('C:\\wamp64\\www\\a...')
#10 {main}
CRITICAL - 2024-03-09 20:41:46 --> Attempt to read property "id" on array
#0 C:\wamp64\www\adminpro-2\app\Views\admin\activity_logs\list.php(64): CodeIgniter\Debug\Exceptions->errorHandler(2, 'Attempt to read...', 'C:\\wamp64\\www\\a...', 64)
#1 C:\wamp64\www\adminpro-2\vendor\codeigniter4\framework\system\View\View.php(210): include('C:\\wamp64\\www\\a...')
#2 C:\wamp64\www\adminpro-2\vendor\codeigniter4\framework\system\View\View.php(213): CodeIgniter\View\View->CodeIgniter\View\{closure}()
#3 C:\wamp64\www\adminpro-2\vendor\codeigniter4\framework\system\Common.php(1089): CodeIgniter\View\View->render('admin/activity_...', Array, true)
#4 C:\wamp64\www\adminpro-2\app\Controllers\ActivityLogs.php(32): view('admin/activity_...', Array)
#5 C:\wamp64\www\adminpro-2\vendor\codeigniter4\framework\system\CodeIgniter.php(832): App\Controllers\ActivityLogs->index()
#6 C:\wamp64\www\adminpro-2\vendor\codeigniter4\framework\system\CodeIgniter.php(419): CodeIgniter\CodeIgniter->runController(Object(App\Controllers\ActivityLogs))
#7 C:\wamp64\www\adminpro-2\vendor\codeigniter4\framework\system\CodeIgniter.php(326): CodeIgniter\CodeIgniter->handleRequest(NULL, Object(Config\Cache), false)
#8 C:\wamp64\www\adminpro-2\public\index.php(37): CodeIgniter\CodeIgniter->run()
#9 C:\wamp64\www\adminpro-2\vendor\codeigniter4\framework\system\Commands\Server\rewrite.php(43): require_once('C:\\wamp64\\www\\a...')
#10 {main}
CRITICAL - 2024-03-09 20:42:24 --> Undefined variable $EmployeeModel
#0 C:\wamp64\www\adminpro-2\app\Controllers\EmployeeController.php(54): CodeIgniter\Debug\Exceptions->errorHandler(2, 'Undefined varia...', 'C:\\wamp64\\www\\a...', 54)
#1 C:\wamp64\www\adminpro-2\vendor\codeigniter4\framework\system\CodeIgniter.php(832): App\Controllers\EmployeeController->employeelist()
#2 C:\wamp64\www\adminpro-2\vendor\codeigniter4\framework\system\CodeIgniter.php(419): CodeIgniter\CodeIgniter->runController(Object(App\Controllers\EmployeeController))
#3 C:\wamp64\www\adminpro-2\vendor\codeigniter4\framework\system\CodeIgniter.php(326): CodeIgniter\CodeIgniter->handleRequest(NULL, Object(Config\Cache), false)
#4 C:\wamp64\www\adminpro-2\public\index.php(37): CodeIgniter\CodeIgniter->run()
#5 C:\wamp64\www\adminpro-2\vendor\codeigniter4\framework\system\Commands\Server\rewrite.php(43): require_once('C:\\wamp64\\www\\a...')
#6 {main}
CRITICAL - 2024-03-09 20:43:16 --> Call to undefined method App\Models\EmployeeModel::getByWhere
#0 C:\wamp64\www\adminpro-2\app\Controllers\EmployeeController.php(78): CodeIgniter\Model->__call('getByWhere', Array)
#1 C:\wamp64\www\adminpro-2\vendor\codeigniter4\framework\system\CodeIgniter.php(832): App\Controllers\EmployeeController->employeelist()
#2 C:\wamp64\www\adminpro-2\vendor\codeigniter4\framework\system\CodeIgniter.php(419): CodeIgniter\CodeIgniter->runController(Object(App\Controllers\EmployeeController))
#3 C:\wamp64\www\adminpro-2\vendor\codeigniter4\framework\system\CodeIgniter.php(326): CodeIgniter\CodeIgniter->handleRequest(NULL, Object(Config\Cache), false)
#4 C:\wamp64\www\adminpro-2\public\index.php(37): CodeIgniter\CodeIgniter->run()
#5 C:\wamp64\www\adminpro-2\vendor\codeigniter4\framework\system\Commands\Server\rewrite.php(43): require_once('C:\\wamp64\\www\\a...')
#6 {main}
CRITICAL - 2024-03-09 20:44:10 --> Attempt to read property "id" on array
#0 C:\wamp64\www\adminpro-2\app\Views\progress\employee\list.php(116): CodeIgniter\Debug\Exceptions->errorHandler(2, 'Attempt to read...', 'C:\\wamp64\\www\\a...', 116)
#1 C:\wamp64\www\adminpro-2\vendor\codeigniter4\framework\system\View\View.php(210): include('C:\\wamp64\\www\\a...')
#2 C:\wamp64\www\adminpro-2\vendor\codeigniter4\framework\system\View\View.php(213): CodeIgniter\View\View->CodeIgniter\View\{closure}()
#3 C:\wamp64\www\adminpro-2\vendor\codeigniter4\framework\system\Common.php(1089): CodeIgniter\View\View->render('progress/employ...', Array, true)
#4 C:\wamp64\www\adminpro-2\app\Controllers\EmployeeController.php(86): view('progress/employ...', Array)
#5 C:\wamp64\www\adminpro-2\vendor\codeigniter4\framework\system\CodeIgniter.php(832): App\Controllers\EmployeeController->employeelist()
#6 C:\wamp64\www\adminpro-2\vendor\codeigniter4\framework\system\CodeIgniter.php(419): CodeIgniter\CodeIgniter->runController(Object(App\Controllers\EmployeeController))
#7 C:\wamp64\www\adminpro-2\vendor\codeigniter4\framework\system\CodeIgniter.php(326): CodeIgniter\CodeIgniter->handleRequest(NULL, Object(Config\Cache), false)
#8 C:\wamp64\www\adminpro-2\public\index.php(37): CodeIgniter\CodeIgniter->run()
#9 C:\wamp64\www\adminpro-2\vendor\codeigniter4\framework\system\Commands\Server\rewrite.php(43): require_once('C:\\wamp64\\www\\a...')
#10 {main}
CRITICAL - 2024-03-09 20:45:39 --> Trying to access array offset on value of type null
#0 C:\wamp64\www\adminpro-2\app\Controllers\EmployeeController.php(55): CodeIgniter\Debug\Exceptions->errorHandler(2, 'Trying to acces...', 'C:\\wamp64\\www\\a...', 55)
#1 C:\wamp64\www\adminpro-2\vendor\codeigniter4\framework\system\CodeIgniter.php(832): App\Controllers\EmployeeController->employeelist()
#2 C:\wamp64\www\adminpro-2\vendor\codeigniter4\framework\system\CodeIgniter.php(419): CodeIgniter\CodeIgniter->runController(Object(App\Controllers\EmployeeController))
#3 C:\wamp64\www\adminpro-2\vendor\codeigniter4\framework\system\CodeIgniter.php(326): CodeIgniter\CodeIgniter->handleRequest(NULL, Object(Config\Cache), false)
#4 C:\wamp64\www\adminpro-2\public\index.php(37): CodeIgniter\CodeIgniter->run()
#5 C:\wamp64\www\adminpro-2\vendor\codeigniter4\framework\system\Commands\Server\rewrite.php(43): require_once('C:\\wamp64\\www\\a...')
#6 {main}
CRITICAL - 2024-03-09 20:54:30 --> Trying to access array offset on value of type null
#0 C:\wamp64\www\adminpro-2\app\Controllers\EmployeeController.php(54): CodeIgniter\Debug\Exceptions->errorHandler(2, 'Trying to acces...', 'C:\\wamp64\\www\\a...', 54)
#1 C:\wamp64\www\adminpro-2\vendor\codeigniter4\framework\system\CodeIgniter.php(832): App\Controllers\EmployeeController->employeelist()
#2 C:\wamp64\www\adminpro-2\vendor\codeigniter4\framework\system\CodeIgniter.php(419): CodeIgniter\CodeIgniter->runController(Object(App\Controllers\EmployeeController))
#3 C:\wamp64\www\adminpro-2\vendor\codeigniter4\framework\system\CodeIgniter.php(326): CodeIgniter\CodeIgniter->handleRequest(NULL, Object(Config\Cache), false)
#4 C:\wamp64\www\adminpro-2\public\index.php(37): CodeIgniter\CodeIgniter->run()
#5 C:\wamp64\www\adminpro-2\vendor\codeigniter4\framework\system\Commands\Server\rewrite.php(43): require_once('C:\\wamp64\\www\\a...')
#6 {main}
